2011-01-27 00:54:54 Notice: Notice (8): Undefined index: prefix in [/home/diogo/Develop/Cake13/financeiro/views/elements/buttons.ctp, line 5]
2011-01-27 01:06:20 Notice: Notice (8): Undefined index: prefix in [/home/diogo/Develop/Cake13/financeiro/views/elements/buttons.ctp, line 5]
2011-01-27 01:12:30 Notice: Notice (8): Undefined index: prefix in [/home/diogo/Develop/Cake13/financeiro/views/elements/buttons.ctp, line 5]
2011-01-27 01:22:14 Notice: Notice (8): Undefined index: prefix in [/home/diogo/Develop/Cake13/financeiro/views/elements/buttons.ctp, line 5]
2011-01-27 01:27:41 Notice: Notice (8): Undefined index: prefix in [/home/diogo/Develop/Cake13/financeiro/views/elements/buttons.ctp, line 5]
2011-01-27 01:27:51 Notice: Notice (8): Undefined index: prefix in [/home/diogo/Develop/Cake13/financeiro/views/elements/buttons.ctp, line 5]
2011-01-27 01:28:40 Notice: Notice (8): Undefined index: prefix in [/home/diogo/Develop/Cake13/financeiro/views/elements/buttons.ctp, line 5]
2011-01-27 01:29:49 Notice: Notice (8): Undefined index: prefix in [/home/diogo/Develop/Cake13/financeiro/views/elements/buttons.ctp, line 5]
2011-01-27 01:29:53 Notice: Notice (8): Undefined index: prefix in [/home/diogo/Develop/Cake13/financeiro/views/elements/buttons.ctp, line 5]
2011-01-27 01:29:55 Notice: Notice (8): Undefined index: prefix in [/home/diogo/Develop/Cake13/financeiro/views/elements/buttons.ctp, line 5]
2011-01-27 01:44:02 Notice: Notice (8): Undefined index: prefix in [/home/diogo/Develop/Cake13/financeiro/views/elements/buttons.ctp, line 5]
2011-01-27 01:47:45 Notice: Notice (8): Undefined index: prefix in [/home/diogo/Develop/Cake13/financeiro/views/elements/buttons.ctp, line 5]
2011-01-27 01:47:59 Notice: Notice (8): Undefined index: prefix in [/home/diogo/Develop/Cake13/financeiro/views/elements/buttons.ctp, line 5]
2011-01-27 01:57:07 Notice: Notice (8): Undefined index: prefix in [/home/diogo/Develop/Cake13/financeiro/views/elements/buttons.ctp, line 5]
2011-01-27 15:14:03 Notice: Notice (8): Undefined index: prefix in [/home/diogo/Develop/Cake13/financeiro/views/elements/buttons.ctp, line 5]
2011-01-27 15:16:43 Notice: Notice (8): Undefined index: prefix in [/home/diogo/Develop/Cake13/financeiro/views/elements/buttons.ctp, line 5]
2011-01-27 15:17:05 Notice: Notice (8): Undefined index: prefix in [/home/diogo/Develop/Cake13/financeiro/views/elements/buttons.ctp, line 5]
2011-01-27 15:22:13 Notice: Notice (8): Undefined index: prefix in [/home/diogo/Develop/Cake13/financeiro/views/elements/buttons.ctp, line 5]
2011-01-27 15:24:21 Notice: Notice (8): Undefined index: prefix in [/home/diogo/Develop/Cake13/financeiro/views/elements/buttons.ctp, line 5]
2011-01-27 15:57:16 Notice: Notice (8): Undefined index: prefix in [/home/diogo/Develop/Cake13/financeiro/views/elements/buttons.ctp, line 5]
2011-01-27 15:57:40 Notice: Notice (8): Undefined index: prefix in [/home/diogo/Develop/Cake13/financeiro/views/elements/buttons.ctp, line 5]
2011-01-27 16:12:49 Notice: Notice (8): Undefined index: prefix in [/home/diogo/Develop/Cake13/financeiro/views/elements/buttons.ctp, line 5]
2011-01-27 17:06:25 Notice: Notice (8): Undefined index: action in [/home/diogo/Develop/Cake13/cake/dispatcher.php, line 269]
2011-01-27 17:06:25 Notice: Notice (8): Undefined index: controller in [/home/diogo/Develop/Cake13/cake/dispatcher.php, line 121]
2011-01-27 17:06:25 Notice: Notice (8): Undefined index: action in [/home/diogo/Develop/Cake13/cake/dispatcher.php, line 269]
2011-01-27 17:06:25 Notice: Notice (8): Undefined index: controller in [/home/diogo/Develop/Cake13/cake/dispatcher.php, line 121]
2011-01-27 17:06:58 Notice: Notice (8): Undefined index: action in [/home/diogo/Develop/Cake13/cake/dispatcher.php, line 269]
2011-01-27 17:06:58 Notice: Notice (8): Undefined index: controller in [/home/diogo/Develop/Cake13/cake/dispatcher.php, line 121]
2011-01-27 17:07:03 Notice: Notice (8): Undefined index: action in [/home/diogo/Develop/Cake13/cake/dispatcher.php, line 269]
2011-01-27 17:07:03 Notice: Notice (8): Undefined index: controller in [/home/diogo/Develop/Cake13/cake/dispatcher.php, line 121]
2011-01-27 17:07:07 Notice: Notice (8): Undefined index: action in [/home/diogo/Develop/Cake13/cake/dispatcher.php, line 269]
2011-01-27 17:07:07 Notice: Notice (8): Undefined index: controller in [/home/diogo/Develop/Cake13/cake/dispatcher.php, line 121]
2011-01-27 17:07:09 Notice: Notice (8): Undefined index: action in [/home/diogo/Develop/Cake13/cake/dispatcher.php, line 269]
2011-01-27 17:07:09 Notice: Notice (8): Undefined index: controller in [/home/diogo/Develop/Cake13/cake/dispatcher.php, line 121]
2011-01-27 17:12:42 Notice: Notice (8): Undefined index: prefix in [/home/diogo/Develop/Cake13/financeiro/views/elements/buttons.ctp, line 5]
2011-02-01 12:08:26 Notice: Notice (8): Undefined index: prefix in [/home/diogo/Develop/Cake13/financeiro/app_controller.php, line 113]
2011-02-01 12:08:27 Notice: Notice (8): Undefined index: prefix in [/home/diogo/Develop/Cake13/financeiro/app_controller.php, line 113]
2011-02-01 12:08:32 Notice: Notice (8): Undefined index: prefix in [/home/diogo/Develop/Cake13/financeiro/app_controller.php, line 113]
2011-02-01 12:08:32 Notice: Notice (8): Undefined index: prefix in [/home/diogo/Develop/Cake13/financeiro/app_controller.php, line 113]
2011-02-01 12:11:28 Notice: Notice (8): Undefined variable: class in [/home/diogo/Develop/Cake13/financeiro/app_controller.php, line 379]
2011-02-01 13:33:17 Notice: Notice (8): Undefined index: logs in [/home/diogo/Develop/Cake13/financeiro/plugins/r_search/views/helpers/r_search.php, line 61]
2011-02-01 13:35:53 Notice: Notice (8): Undefined index: phone in [/home/diogo/Develop/Cake13/financeiro/views/groups/admin_view.ctp, line 35]
2011-02-01 13:35:53 Notice: Notice (8): Undefined index: groups in [/home/diogo/Develop/Cake13/financeiro/plugins/r_search/views/helpers/r_search.php, line 61]
2011-02-01 13:36:53 Notice: Notice (8): Undefined index: groups in [/home/diogo/Develop/Cake13/financeiro/plugins/r_search/views/helpers/r_search.php, line 61]
2011-02-01 13:39:31 Notice: Notice (8): Undefined index: groups in [/home/diogo/Develop/Cake13/financeiro/plugins/r_search/views/helpers/r_search.php, line 61]
2011-02-02 02:29:24 Notice: Notice (8): Undefined variable: class in [/home/diogo/Develop/Cake13/financeiro/app_controller.php, line 378]
2011-02-02 02:29:59 Notice: Notice (8): Undefined variable: class in [/home/diogo/Develop/Cake13/financeiro/app_controller.php, line 378]
2011-02-02 02:34:18 Notice: Notice (8): Undefined variable: class in [/home/diogo/Develop/Cake13/financeiro/app_controller.php, line 378]
2011-02-02 02:34:46 Notice: Notice (8): Undefined variable: class in [/home/diogo/Develop/Cake13/financeiro/app_controller.php, line 378]
2011-02-02 02:42:03 Notice: Notice (8): Undefined index: bills in [/home/diogo/Develop/Cake13/financeiro/plugins/r_search/views/helpers/r_search.php, line 61]
2011-02-02 02:42:09 Notice: Notice (8): Undefined variable: class in [/home/diogo/Develop/Cake13/financeiro/app_controller.php, line 378]
2011-02-02 02:42:23 Notice: Notice (8): Undefined index: bills in [/home/diogo/Develop/Cake13/financeiro/plugins/r_search/views/helpers/r_search.php, line 61]
2011-02-02 02:43:13 Notice: Notice (8): Undefined index: logs in [/home/diogo/Develop/Cake13/financeiro/plugins/r_search/views/helpers/r_search.php, line 61]
2011-02-02 02:43:27 Notice: Notice (8): Undefined index: logs in [/home/diogo/Develop/Cake13/financeiro/plugins/r_search/views/helpers/r_search.php, line 61]
2011-02-03 02:12:02 Notice: Notice (8): Undefined index: bills in [/home/diogo/Develop/Cake13/financeiro/plugins/r_search/views/helpers/r_search.php, line 61]
2011-02-03 02:17:05 Notice: Notice (8): Undefined index: bills in [/home/diogo/Develop/Cake13/financeiro/plugins/r_search/views/helpers/r_search.php, line 61]
2011-02-04 11:06:03 Notice: Notice (8): Undefined index: bills in [/home/diogo/Develop/Cake13/financeiro/plugins/r_search/views/helpers/r_search.php, line 61]
2011-02-04 11:36:36 Notice: Notice (8): Undefined index: expirity in [/home/diogo/Develop/Cake13/financeiro/controllers/bills_controller.php, line 30]
2011-02-04 11:36:36 Notice: Notice (8): Undefined variable: class in [/home/diogo/Develop/Cake13/financeiro/app_controller.php, line 376]
2011-02-04 11:37:20 Notice: Notice (8): Undefined variable: class in [/home/diogo/Develop/Cake13/financeiro/app_controller.php, line 376]
2011-02-04 11:44:57 Notice: Notice (8): Undefined variable: class in [/home/diogo/Develop/Cake13/financeiro/app_controller.php, line 376]
2011-02-04 11:45:00 Notice: Notice (8): Undefined variable: class in [/home/diogo/Develop/Cake13/financeiro/app_controller.php, line 376]
2011-02-04 11:45:04 Notice: Notice (8): Undefined variable: class in [/home/diogo/Develop/Cake13/financeiro/app_controller.php, line 376]
2011-02-04 13:22:39 Notice: Notice (8): Undefined variable: class in [/home/diogo/Develop/Cake13/financeiro/app_controller.php, line 376]
2011-02-04 13:24:22 Notice: Notice (8): Undefined variable: class in [/home/diogo/Develop/Cake13/financeiro/app_controller.php, line 376]
2011-02-04 13:24:38 Notice: Notice (8): Undefined variable: class in [/home/diogo/Develop/Cake13/financeiro/app_controller.php, line 376]
2011-02-09 16:49:02 Notice: Notice (8): Undefined variable: class in [/home/diogo/Develop/Cake13/financeiro/app_controller.php, line 376]
2011-09-23 14:58:21 Notice: Notice (8): Undefined variable: pass in [/home/dor/Develop/Cake13/financeiro/views/users/login.ctp, line 8]
2011-09-30 13:34:55 Notice: Notice (8): Undefined variable: pass in [/home/dor/Develop/Cake13/birthright/views/users/login.ctp, line 7]
2011-09-30 13:43:46 Notice: Notice (8): Undefined variable: pass in [/home/dor/Develop/Cake13/birthright/views/users/login.ctp, line 7]
2011-09-30 13:44:22 Notice: Notice (8): Undefined variable: pass in [/home/dor/Develop/Cake13/birthright/views/users/login.ctp, line 7]
2011-09-30 13:44:38 Notice: Notice (8): Undefined variable: pass in [/home/dor/Develop/Cake13/birthright/views/users/login.ctp, line 7]
2011-09-30 13:44:48 Notice: Notice (8): Use of undefined constant pass - assumed 'pass' in [/home/dor/Develop/Cake13/birthright/views/users/login.ctp, line 7]
2011-09-30 13:52:22 Notice: Notice (8): Undefined property: DebugView::$pass in [/home/dor/Develop/Cake13/birthright/views/users/login.ctp, line 8]
2011-09-30 13:52:42 Notice: Notice (8): Use of undefined constant pass - assumed 'pass' in [/home/dor/Develop/Cake13/birthright/views/users/login.ctp, line 8]
2011-09-30 14:22:55 Notice: Notice (8): Undefined index: prefix in [/home/dor/Develop/Cake13/birthright/views/elements/buttons.ctp, line 5]
2011-09-30 14:30:21 Notice: Notice (8): Undefined index: prefix in [/home/dor/Develop/Cake13/birthright/views/elements/buttons.ctp, line 5]
2011-09-30 14:35:14 Notice: Notice (8): Undefined index: prefix in [/home/dor/Develop/Cake13/birthright/views/elements/buttons.ctp, line 5]
2011-09-30 14:37:29 Notice: Notice (8): Undefined index: prefix in [/home/dor/Develop/Cake13/birthright/views/elements/buttons.ctp, line 5]
2011-09-30 14:47:01 Notice: Notice (8): Undefined index: prefix in [/home/dor/Develop/Cake13/birthright/views/elements/buttons.ctp, line 5]
2011-09-30 15:02:23 Notice: Notice (8): Undefined index: prefix in [/home/dor/Develop/Cake13/birthright/views/elements/buttons.ctp, line 5]
2011-09-30 15:03:06 Notice: Notice (8): Undefined variable: prefix in [/home/dor/Develop/Cake13/birthright/views/elements/buttons.ctp, line 25]
2011-09-30 15:03:06 Notice: Notice (8): Undefined variable: prefix in [/home/dor/Develop/Cake13/birthright/views/elements/buttons.ctp, line 30]
2011-09-30 15:03:06 Notice: Notice (8): Undefined variable: prefix in [/home/dor/Develop/Cake13/birthright/views/elements/buttons.ctp, line 35]
2011-09-30 15:05:07 Notice: Notice (8): Undefined index: prefix in [/home/dor/Develop/Cake13/birthright/views/elements/buttons.ctp, line 5]
2011-09-30 15:05:20 Notice: Notice (8): Undefined index: prefix in [/home/dor/Develop/Cake13/birthright/views/elements/buttons.ctp, line 5]
2011-09-30 15:13:01 Notice: Notice (8): Undefined index: prefix in [/home/dor/Develop/Cake13/birthright/views/elements/buttons.ctp, line 5]
2011-09-30 15:21:51 Notice: Notice (8): Undefined index: prefix in [/home/dor/Develop/Cake13/birthright/views/elements/buttons.ctp, line 5]
2011-09-30 15:31:09 Notice: Notice (8): Undefined index: prefix in [/home/dor/Develop/Cake13/birthright/views/elements/buttons.ctp, line 5]
2011-09-30 15:31:51 Notice: Notice (8): Undefined index: prefix in [/home/dor/Develop/Cake13/birthright/views/elements/buttons.ctp, line 5]
2011-10-01 15:05:18 Notice: Notice (8): Undefined index: prefix in [/home/diogo/Develop/Cake13/birthright/views/elements/buttons.ctp, line 5]
2011-10-01 15:46:05 Notice: Notice (8): Undefined index: prefix in [/home/diogo/Develop/Cake13/birthright/views/elements/buttons.ctp, line 5]
2011-10-01 16:08:37 Notice: Notice (8): Undefined index: prefix in [/home/diogo/Develop/Cake13/birthright/views/elements/buttons.ctp, line 5]
2011-10-01 16:09:35 Notice: Notice (8): Undefined index: prefix in [/home/diogo/Develop/Cake13/birthright/views/elements/buttons.ctp, line 5]
2011-10-01 16:20:24 Notice: Notice (8): Undefined index: prefix in [/home/diogo/Develop/Cake13/birthright/views/elements/buttons.ctp, line 5]
2011-10-01 16:20:37 Notice: Notice (8): Undefined index: prefix in [/home/diogo/Develop/Cake13/birthright/views/elements/buttons.ctp, line 5]
2011-10-02 10:47:10 Notice: Notice (8): Undefined index: prefix in [/home/diogo/Develop/Cake13/birthright/views/elements/buttons.ctp, line 5]
2011-10-02 19:41:45 Notice: Notice (8): Undefined index: equipment in [/home/diogo/Develop/Cake13/birthright/plugins/r_search/views/helpers/r_search.php, line 61]
2011-10-02 19:41:50 Notice: Notice (8): Undefined index: equipment in [/home/diogo/Develop/Cake13/birthright/plugins/r_search/views/helpers/r_search.php, line 61]
2011-10-02 19:41:53 Notice: Notice (8): Undefined index: conferency in [/home/diogo/Develop/Cake13/birthright/views/equipment/admin_view.ctp, line 66]
2011-10-02 19:41:53 Notice: Notice (8): Undefined index: equipment in [/home/diogo/Develop/Cake13/birthright/plugins/r_search/views/helpers/r_search.php, line 61]
2011-10-02 19:41:56 Notice: Notice (8): Undefined index: conferency in [/home/diogo/Develop/Cake13/birthright/views/equipment/admin_view.ctp, line 66]
2011-10-02 19:41:56 Notice: Notice (8): Undefined index: equipment in [/home/diogo/Develop/Cake13/birthright/plugins/r_search/views/helpers/r_search.php, line 61]
2011-10-02 19:42:08 Notice: Notice (8): Undefined index: conferency in [/home/diogo/Develop/Cake13/birthright/views/equipment/admin_view.ctp, line 66]
2011-10-02 19:42:08 Notice: Notice (8): Undefined index: equipment in [/home/diogo/Develop/Cake13/birthright/plugins/r_search/views/helpers/r_search.php, line 61]
2011-10-02 19:42:12 Notice: Notice (8): Undefined index: equipment in [/home/diogo/Develop/Cake13/birthright/plugins/r_search/views/helpers/r_search.php, line 61]
2011-10-13 16:24:58 Notice: Notice (8): Undefined index: prefix in [/home/diogo/Develop/Cake13/birthright/views/elements/buttons.ctp, line 5]
2011-10-13 16:25:30 Notice: Notice (8): Undefined index: prefix in [/home/diogo/Develop/Cake13/birthright/views/elements/buttons.ctp, line 5]
2011-10-13 16:27:07 Notice: Notice (8): Undefined index: prefix in [/home/diogo/Develop/Cake13/birthright/views/elements/buttons.ctp, line 5]
2011-10-13 16:27:09 Notice: Notice (8): Undefined index: prefix in [/home/diogo/Develop/Cake13/birthright/views/elements/buttons.ctp, line 5]
2011-10-13 16:27:50 Notice: Notice (8): Undefined index: prefix in [/home/diogo/Develop/Cake13/birthright/views/elements/buttons.ctp, line 5]
2011-10-13 20:11:19 Notice: Notice (8): Undefined index: prefix in [/home/diogo/Develop/Cake13/birthright/views/elements/buttons.ctp, line 5]
2011-10-13 20:12:34 Notice: Notice (8): Undefined index: prefix in [/home/diogo/Develop/Cake13/birthright/views/elements/buttons.ctp, line 5]
2011-10-13 20:13:36 Notice: Notice (8): Undefined index: prefix in [/home/diogo/Develop/Cake13/birthright/views/elements/buttons.ctp, line 5]
2011-10-13 20:13:39 Notice: Notice (8): Undefined index: prefix in [/home/diogo/Develop/Cake13/birthright/views/elements/buttons.ctp, line 5]
2011-10-13 20:13:42 Notice: Notice (8): Undefined index: prefix in [/home/diogo/Develop/Cake13/birthright/views/elements/buttons.ctp, line 5]
2011-10-13 20:13:44 Notice: Notice (8): Undefined index: prefix in [/home/diogo/Develop/Cake13/birthright/views/elements/buttons.ctp, line 5]
2011-10-13 20:13:45 Notice: Notice (8): Undefined index: prefix in [/home/diogo/Develop/Cake13/birthright/views/elements/buttons.ctp, line 5]
2011-10-13 20:13:46 Notice: Notice (8): Undefined index: prefix in [/home/diogo/Develop/Cake13/birthright/views/elements/buttons.ctp, line 5]
2011-10-13 20:13:48 Notice: Notice (8): Undefined index: prefix in [/home/diogo/Develop/Cake13/birthright/views/elements/buttons.ctp, line 5]
2011-10-13 20:15:01 Notice: Notice (8): Undefined index: prefix in [/home/diogo/Develop/Cake13/birthright/views/elements/buttons.ctp, line 5]
2011-10-13 20:17:21 Notice: Notice (8): Undefined index: prefix in [/home/diogo/Develop/Cake13/birthright/views/elements/buttons.ctp, line 5]
2011-10-13 20:18:21 Notice: Notice (8): Undefined index: prefix in [/home/diogo/Develop/Cake13/birthright/views/elements/buttons.ctp, line 5]
2011-10-13 20:18:28 Notice: Notice (8): Undefined index: prefix in [/home/diogo/Develop/Cake13/birthright/views/elements/buttons.ctp, line 5]
2011-10-13 21:23:06 Notice: Notice (8): Undefined variable: peakMemory in [/home/diogo/Develop/Cake13/birthright/plugins/debug_kit/views/elements/timer_panel.ctp, line 36]
2011-10-13 21:23:06 Notice: Notice (8): Undefined variable: requestTime in [/home/diogo/Develop/Cake13/birthright/plugins/debug_kit/views/elements/timer_panel.ctp, line 55]
2011-10-13 21:23:09 Notice: Notice (8): Undefined variable: peakMemory in [/home/diogo/Develop/Cake13/birthright/plugins/debug_kit/views/elements/timer_panel.ctp, line 36]
2011-10-13 21:23:09 Notice: Notice (8): Undefined variable: requestTime in [/home/diogo/Develop/Cake13/birthright/plugins/debug_kit/views/elements/timer_panel.ctp, line 55]
2011-10-16 22:33:24 Notice: Notice (8): Undefined index: prefix in [/home/diogo/Develop/Cake13/birthright/views/elements/buttons.ctp, line 5]
2011-10-26 18:11:36 Notice: Notice (8): Undefined index: cod in [/home/diogo/Develop/Cake13/birthright/views/equipment/admin_view.ctp, line 16]
2011-10-26 18:11:36 Notice: Notice (8): Undefined index: measure in [/home/diogo/Develop/Cake13/birthright/views/equipment/admin_view.ctp, line 31]
2011-10-26 18:11:36 Notice: Notice (8): Undefined index: Organization in [/home/diogo/Develop/Cake13/birthright/views/equipment/admin_view.ctp, line 41]
2011-10-26 18:11:36 Notice: Notice (8): Undefined index: Section in [/home/diogo/Develop/Cake13/birthright/views/equipment/admin_view.ctp, line 46]
2011-10-26 18:11:36 Notice: Notice (8): Undefined index: room in [/home/diogo/Develop/Cake13/birthright/views/equipment/admin_view.ctp, line 51]
2011-10-26 18:11:36 Notice: Notice (8): Undefined index: discrepancy in [/home/diogo/Develop/Cake13/birthright/views/equipment/admin_view.ctp, line 56]
2011-10-26 18:11:36 Notice: Notice (8): Undefined index: User in [/home/diogo/Develop/Cake13/birthright/views/equipment/admin_view.ctp, line 61]
2011-10-26 18:11:36 Notice: Notice (8): Undefined index: conference in [/home/diogo/Develop/Cake13/birthright/views/equipment/admin_view.ctp, line 66]
2011-10-26 18:11:36 Notice: Notice (8): Undefined index: equipment in [/home/diogo/Develop/Cake13/birthright/plugins/r_search/views/helpers/r_search.php, line 61]
2011-10-26 18:16:52 Notice: Notice (8): Undefined index: equipment in [/home/diogo/Develop/Cake13/birthright/plugins/r_search/views/helpers/r_search.php, line 61]
2011-10-26 18:19:40 Notice: Notice (8): Undefined index: equipment in [/home/diogo/Develop/Cake13/birthright/plugins/r_search/views/helpers/r_search.php, line 61]
2011-10-26 19:12:06 Notice: Notice (8): Undefined index: owner in [/home/diogo/Develop/Cake13/birthright/views/equipment/admin_view.ctp, line 36]
2011-10-26 19:12:06 Notice: Notice (8): Undefined index: measure in [/home/diogo/Develop/Cake13/birthright/views/equipment/admin_view.ctp, line 46]
2011-10-26 19:12:06 Notice: Notice (8): Undefined index: equipment in [/home/diogo/Develop/Cake13/birthright/plugins/r_search/views/helpers/r_search.php, line 61]
2011-10-26 19:15:12 Notice: Notice (8): Undefined index: owner in [/home/diogo/Develop/Cake13/birthright/views/equipment/admin_view.ctp, line 36]
2011-10-26 19:15:12 Notice: Notice (8): Undefined index: measure in [/home/diogo/Develop/Cake13/birthright/views/equipment/admin_view.ctp, line 46]
2011-10-26 19:15:12 Notice: Notice (8): Undefined index: equipment in [/home/diogo/Develop/Cake13/birthright/plugins/r_search/views/helpers/r_search.php, line 61]
2011-10-26 19:15:14 Notice: Notice (8): Undefined index: owner in [/home/diogo/Develop/Cake13/birthright/views/equipment/admin_view.ctp, line 36]
2011-10-26 19:15:14 Notice: Notice (8): Undefined index: measure in [/home/diogo/Develop/Cake13/birthright/views/equipment/admin_view.ctp, line 46]
2011-10-26 19:15:14 Notice: Notice (8): Undefined index: equipment in [/home/diogo/Develop/Cake13/birthright/plugins/r_search/views/helpers/r_search.php, line 61]
2011-10-26 19:15:22 Notice: Notice (8): Undefined index: owner in [/home/diogo/Develop/Cake13/birthright/views/equipment/admin_view.ctp, line 36]
2011-10-26 19:15:22 Notice: Notice (8): Undefined index: measure in [/home/diogo/Develop/Cake13/birthright/views/equipment/admin_view.ctp, line 46]
2011-10-26 19:15:22 Notice: Notice (8): Undefined index: equipment in [/home/diogo/Develop/Cake13/birthright/plugins/r_search/views/helpers/r_search.php, line 61]
2011-10-26 19:16:00 Notice: Notice (8): Undefined index: owner in [/home/diogo/Develop/Cake13/birthright/views/equipment/admin_view.ctp, line 36]
2011-10-26 19:16:00 Notice: Notice (8): Undefined index: measure in [/home/diogo/Develop/Cake13/birthright/views/equipment/admin_view.ctp, line 46]
2011-10-26 19:16:00 Notice: Notice (8): Undefined index: equipment in [/home/diogo/Develop/Cake13/birthright/plugins/r_search/views/helpers/r_search.php, line 61]
2011-10-26 19:18:12 Notice: Notice (8): Undefined index: equipment in [/home/diogo/Develop/Cake13/birthright/plugins/r_search/views/helpers/r_search.php, line 61]
2011-10-26 19:20:00 Notice: Notice (8): Undefined index: equipment in [/home/diogo/Develop/Cake13/birthright/plugins/r_search/views/helpers/r_search.php, line 61]
2011-10-26 19:20:02 Notice: Notice (8): Undefined index: equipment in [/home/diogo/Develop/Cake13/birthright/plugins/r_search/views/helpers/r_search.php, line 61]
2011-10-26 19:20:41 Notice: Notice (8): Undefined index: equipment in [/home/diogo/Develop/Cake13/birthright/plugins/r_search/views/helpers/r_search.php, line 61]
2011-10-26 19:22:04 Notice: Notice (8): Undefined index: equipment in [/home/diogo/Develop/Cake13/birthright/plugins/r_search/views/helpers/r_search.php, line 61]
2011-10-26 19:24:20 Notice: Notice (8): Undefined index: equipment in [/home/diogo/Develop/Cake13/birthright/plugins/r_search/views/helpers/r_search.php, line 61]
2011-10-26 19:24:25 Notice: Notice (8): Undefined index: counts in [/home/diogo/Develop/Cake13/birthright/plugins/r_search/views/helpers/r_search.php, line 61]
2011-10-26 19:25:09 Notice: Notice (8): Undefined index: equipment in [/home/diogo/Develop/Cake13/birthright/plugins/r_search/views/helpers/r_search.php, line 61]
2011-10-26 19:25:54 Notice: Notice (8): Undefined index: equipment in [/home/diogo/Develop/Cake13/birthright/plugins/r_search/views/helpers/r_search.php, line 61]
2011-10-26 19:26:01 Notice: Notice (8): Undefined index: equipment in [/home/diogo/Develop/Cake13/birthright/plugins/r_search/views/helpers/r_search.php, line 61]
2011-10-26 19:27:10 Notice: Notice (8): Undefined index: equipment in [/home/diogo/Develop/Cake13/birthright/plugins/r_search/views/helpers/r_search.php, line 61]
2011-10-26 19:28:55 Notice: Notice (8): Undefined index: equipment in [/home/diogo/Develop/Cake13/birthright/plugins/r_search/views/helpers/r_search.php, line 61]
2011-10-26 19:31:07 Notice: Notice (8): Undefined index: equipment in [/home/diogo/Develop/Cake13/birthright/plugins/r_search/views/helpers/r_search.php, line 61]
2011-10-26 19:31:15 Notice: Notice (8): Undefined index: equipment in [/home/diogo/Develop/Cake13/birthright/plugins/r_search/views/helpers/r_search.php, line 61]
2011-10-26 19:53:09 Notice: Notice (8): Undefined index: equipment in [/home/diogo/Develop/Cake13/birthright/plugins/r_search/views/helpers/r_search.php, line 61]
2011-10-26 21:23:37 Notice: Notice (8): Undefined index: equipment in [/home/diogo/Develop/Cake13/birthright/plugins/r_search/views/helpers/r_search.php, line 61]
2011-10-26 21:26:57 Notice: Notice (8): Undefined variable: peakMemory in [/home/diogo/Develop/Cake13/birthright/plugins/debug_kit/views/elements/timer_panel.ctp, line 36]
2011-10-26 21:26:57 Notice: Notice (8): Undefined variable: requestTime in [/home/diogo/Develop/Cake13/birthright/plugins/debug_kit/views/elements/timer_panel.ctp, line 55]
2011-10-26 21:26:59 Notice: Notice (8): Undefined variable: peakMemory in [/home/diogo/Develop/Cake13/birthright/plugins/debug_kit/views/elements/timer_panel.ctp, line 36]
2011-10-26 21:26:59 Notice: Notice (8): Undefined variable: requestTime in [/home/diogo/Develop/Cake13/birthright/plugins/debug_kit/views/elements/timer_panel.ctp, line 55]
2011-10-26 21:27:01 Notice: Notice (8): Undefined variable: peakMemory in [/home/diogo/Develop/Cake13/birthright/plugins/debug_kit/views/elements/timer_panel.ctp, line 36]
2011-10-26 21:27:01 Notice: Notice (8): Undefined variable: requestTime in [/home/diogo/Develop/Cake13/birthright/plugins/debug_kit/views/elements/timer_panel.ctp, line 55]
2011-10-26 21:27:02 Notice: Notice (8): Undefined variable: peakMemory in [/home/diogo/Develop/Cake13/birthright/plugins/debug_kit/views/elements/timer_panel.ctp, line 36]
2011-10-26 21:27:02 Notice: Notice (8): Undefined variable: requestTime in [/home/diogo/Develop/Cake13/birthright/plugins/debug_kit/views/elements/timer_panel.ctp, line 55]
2011-10-26 21:48:04 Notice: Notice (8): Undefined index: equipment in [/home/diogo/Develop/Cake13/birthright/plugins/r_search/views/helpers/r_search.php, line 61]
2011-10-26 21:59:52 Notice: Notice (8): Undefined index: equipment in [/home/diogo/Develop/Cake13/birthright/plugins/r_search/views/helpers/r_search.php, line 61]
2011-10-26 22:02:32 Notice: Notice (8): Undefined variable: gear in [/home/diogo/Develop/Cake13/birthright/views/patrimonies/admin_index.ctp, line 48]
2011-10-26 22:02:32 Notice: Notice (8): Undefined variable: gear in [/home/diogo/Develop/Cake13/birthright/views/patrimonies/admin_index.ctp, line 52]
2011-10-26 22:04:16 Notice: Notice (8): Undefined variable: gear in [/home/diogo/Develop/Cake13/birthright/views/patrimonies/admin_index.ctp, line 48]
2011-10-26 22:04:54 Notice: Notice (8): Undefined index: patrimonies in [/home/diogo/Develop/Cake13/birthright/plugins/r_search/views/helpers/r_search.php, line 61]
2011-10-26 22:05:43 Notice: Notice (8): Undefined index: equipment in [/home/diogo/Develop/Cake13/birthright/plugins/r_search/views/helpers/r_search.php, line 61]
2011-10-26 22:06:15 Notice: Notice (8): Undefined index: patrimonies in [/home/diogo/Develop/Cake13/birthright/plugins/r_search/views/helpers/r_search.php, line 61]
2011-10-26 22:06:17 Notice: Notice (8): Undefined index: equipment in [/home/diogo/Develop/Cake13/birthright/plugins/r_search/views/helpers/r_search.php, line 61]
2011-10-26 22:07:37 Notice: Notice (8): Undefined index: equipment in [/home/diogo/Develop/Cake13/birthright/plugins/r_search/views/helpers/r_search.php, line 61]
2011-10-26 22:09:32 Notice: Notice (8): Undefined index: equipment in [/home/diogo/Develop/Cake13/birthright/plugins/r_search/views/helpers/r_search.php, line 61]
2011-10-26 22:09:37 Notice: Notice (8): Undefined index: cod in [/home/diogo/Develop/Cake13/birthright/views/counts/admin_view.ctp, line 73]
2011-10-26 22:09:37 Notice: Notice (8): Undefined index: measure in [/home/diogo/Develop/Cake13/birthright/views/counts/admin_view.ctp, line 76]
2011-10-26 22:09:37 Notice: Notice (8): Undefined index: organization_id in [/home/diogo/Develop/Cake13/birthright/views/counts/admin_view.ctp, line 78]
2011-10-26 22:09:37 Notice: Notice (8): Undefined index: section_id in [/home/diogo/Develop/Cake13/birthright/views/counts/admin_view.ctp, line 79]
2011-10-26 22:09:37 Notice: Notice (8): Undefined index: room in [/home/diogo/Develop/Cake13/birthright/views/counts/admin_view.ctp, line 80]
2011-10-26 22:09:37 Notice: Notice (8): Undefined index: user_id in [/home/diogo/Develop/Cake13/birthright/views/counts/admin_view.ctp, line 81]
2011-10-26 22:09:40 Notice: Notice (8): Undefined index: counts in [/home/diogo/Develop/Cake13/birthright/plugins/r_search/views/helpers/r_search.php, line 61]
2011-10-26 22:11:07 Notice: Notice (8): Undefined index: cod in [/home/diogo/Develop/Cake13/birthright/views/counts/admin_view.ctp, line 73]
2011-10-26 22:11:07 Notice: Notice (8): Undefined index: measure in [/home/diogo/Develop/Cake13/birthright/views/counts/admin_view.ctp, line 76]
2011-10-26 22:11:07 Notice: Notice (8): Undefined index: organization_id in [/home/diogo/Develop/Cake13/birthright/views/counts/admin_view.ctp, line 78]
2011-10-26 22:11:07 Notice: Notice (8): Undefined index: section_id in [/home/diogo/Develop/Cake13/birthright/views/counts/admin_view.ctp, line 79]
2011-10-26 22:11:07 Notice: Notice (8): Undefined index: room in [/home/diogo/Develop/Cake13/birthright/views/counts/admin_view.ctp, line 80]
2011-10-26 22:11:07 Notice: Notice (8): Undefined index: user_id in [/home/diogo/Develop/Cake13/birthright/views/counts/admin_view.ctp, line 81]
2011-10-26 22:11:11 Notice: Notice (8): Undefined index: counts in [/home/diogo/Develop/Cake13/birthright/plugins/r_search/views/helpers/r_search.php, line 61]
2011-10-26 22:11:11 Notice: Notice (8): Undefined index: name in [/home/diogo/Develop/Cake13/birthright/views/patrimonies/admin_index.ctp, line 26]
2011-10-26 22:18:39 Notice: Notice (8): Undefined index: equipment in [/home/diogo/Develop/Cake13/birthright/plugins/r_search/views/helpers/r_search.php, line 61]
2011-10-26 22:21:18 Notice: Notice (8): Undefined index: equipment in [/home/diogo/Develop/Cake13/birthright/plugins/r_search/views/helpers/r_search.php, line 61]
2011-10-26 22:23:28 Notice: Notice (8): Undefined index: name in [/home/diogo/Develop/Cake13/birthright/views/equipment/admin_view.ctp, line 21]
2011-10-26 22:23:28 Notice: Notice (8): Undefined index: id in [/home/diogo/Develop/Cake13/birthright/views/equipment/admin_view.ctp, line 21]
2011-10-26 22:23:28 Notice: Notice (8): Undefined index: name in [/home/diogo/Develop/Cake13/birthright/views/equipment/admin_view.ctp, line 26]
2011-10-26 22:23:28 Notice: Notice (8): Undefined index: id in [/home/diogo/Develop/Cake13/birthright/views/equipment/admin_view.ctp, line 26]
2011-10-26 22:23:28 Notice: Notice (8): Undefined index: equipment in [/home/diogo/Develop/Cake13/birthright/plugins/r_search/views/helpers/r_search.php, line 61]
2011-10-26 22:23:52 Notice: Notice (8): Undefined index: equipment in [/home/diogo/Develop/Cake13/birthright/plugins/r_search/views/helpers/r_search.php, line 61]
2011-10-26 22:42:33 Notice: Notice (8): Undefined index: equipment in [/home/diogo/Develop/Cake13/birthright/plugins/r_search/views/helpers/r_search.php, line 61]
2011-10-26 22:43:03 Notice: Notice (8): Undefined index: equipment in [/home/diogo/Develop/Cake13/birthright/plugins/r_search/views/helpers/r_search.php, line 61]
2011-10-26 22:54:54 Notice: Notice (8): Undefined property: PatrimoniesController::$Equipment in [/home/diogo/Develop/Cake13/birthright/controllers/patrimonies_controller.php, line 9]
2011-10-26 22:54:56 Notice: Notice (8): Undefined property: PatrimoniesController::$Equipment in [/home/diogo/Develop/Cake13/birthright/controllers/patrimonies_controller.php, line 9]
2011-10-29 15:45:18 Notice: Notice (8): Undefined index: equipment in [/home/diogo/Develop/Cake13/birthright/plugins/r_search/views/helpers/r_search.php, line 61]
2011-10-29 15:58:31 Notice: Notice (8): Undefined index: equipment in [/home/diogo/Develop/Cake13/birthright/plugins/r_search/views/helpers/r_search.php, line 61]
2011-10-29 16:04:42 Notice: Notice (8): Undefined index: equipment in [/home/diogo/Develop/Cake13/birthright/plugins/r_search/views/helpers/r_search.php, line 61]
2011-10-29 16:18:16 Notice: Notice (8): Undefined index: patrimonies in [/home/diogo/Develop/Cake13/birthright/plugins/r_search/views/helpers/r_search.php, line 61]
2011-10-29 16:18:29 Notice: Notice (8): Undefined index: equipment in [/home/diogo/Develop/Cake13/birthright/plugins/r_search/views/helpers/r_search.php, line 61]
2011-10-29 17:13:33 Notice: Notice (8): Undefined index: equipment in [/home/diogo/Develop/Cake13/birthright/plugins/r_search/views/helpers/r_search.php, line 61]
2011-10-29 17:13:53 Notice: Notice (8): Undefined index: equipment in [/home/diogo/Develop/Cake13/birthright/plugins/r_search/views/helpers/r_search.php, line 61]
2011-10-29 17:14:14 Notice: Notice (8): Undefined index: equipment in [/home/diogo/Develop/Cake13/birthright/plugins/r_search/views/helpers/r_search.php, line 61]
2011-10-29 17:17:21 Notice: Notice (8): Undefined index: patrimonies in [/home/diogo/Develop/Cake13/birthright/plugins/r_search/views/helpers/r_search.php, line 61]
2011-10-29 17:29:03 Notice: Notice (8): Undefined index: equipment in [/home/diogo/Develop/Cake13/birthright/plugins/r_search/views/helpers/r_search.php, line 61]
2011-10-29 17:40:21 Notice: Notice (8): Undefined index: equipment in [/home/diogo/Develop/Cake13/birthright/plugins/r_search/views/helpers/r_search.php, line 61]
2011-10-29 20:37:13 Notice: Notice (8): Undefined index: equipment in [/home/diogo/Develop/Cake13/birthright/plugins/r_search/views/helpers/r_search.php, line 61]
2011-10-30 00:13:13 Notice: Notice (8): Undefined index: equipment in [/home/diogo/Develop/Cake13/birthright/plugins/r_search/views/helpers/r_search.php, line 61]
2011-10-30 00:32:12 Notice: Notice (8): Undefined index: patrimonies in [/home/diogo/Develop/Cake13/birthright/plugins/r_search/views/helpers/r_search.php, line 61]
2011-10-30 08:59:15 Notice: Notice (8): Undefined index: patrimonies in [/home/diogo/Develop/Cake13/birthright/plugins/r_search/views/helpers/r_search.php, line 61]
2011-10-30 09:42:03 Notice: Notice (8): Undefined index: equipment in [/home/diogo/Develop/Cake13/birthright/plugins/r_search/views/helpers/r_search.php, line 61]
2011-10-30 17:24:37 Notice: Notice (8): Undefined index: equipment in [/home/diogo/Develop/Cake13/birthright/plugins/r_search/views/helpers/r_search.php, line 61]
2011-10-30 17:24:40 Notice: Notice (8): Undefined index: cod in [/home/diogo/Develop/Cake13/birthright/views/kinds/admin_view.ctp, line 73]
2011-10-30 17:24:40 Notice: Notice (8): Undefined index: measure in [/home/diogo/Develop/Cake13/birthright/views/kinds/admin_view.ctp, line 76]
2011-10-30 17:24:40 Notice: Notice (8): Undefined index: organization_id in [/home/diogo/Develop/Cake13/birthright/views/kinds/admin_view.ctp, line 78]
2011-10-30 17:24:40 Notice: Notice (8): Undefined index: section_id in [/home/diogo/Develop/Cake13/birthright/views/kinds/admin_view.ctp, line 79]
2011-10-30 17:24:40 Notice: Notice (8): Undefined index: room in [/home/diogo/Develop/Cake13/birthright/views/kinds/admin_view.ctp, line 80]
2011-10-30 17:24:40 Notice: Notice (8): Undefined index: user_id in [/home/diogo/Develop/Cake13/birthright/views/kinds/admin_view.ctp, line 81]
2011-10-30 17:24:43 Notice: Notice (8): Undefined index: kinds in [/home/diogo/Develop/Cake13/birthright/plugins/r_search/views/helpers/r_search.php, line 61]
2011-10-30 17:24:52 Notice: Notice (8): Undefined index: cod in [/home/diogo/Develop/Cake13/birthright/views/counts/admin_view.ctp, line 73]
2011-10-30 17:24:52 Notice: Notice (8): Undefined index: measure in [/home/diogo/Develop/Cake13/birthright/views/counts/admin_view.ctp, line 76]
2011-10-30 17:24:52 Notice: Notice (8): Undefined index: organization_id in [/home/diogo/Develop/Cake13/birthright/views/counts/admin_view.ctp, line 78]
2011-10-30 17:24:52 Notice: Notice (8): Undefined index: section_id in [/home/diogo/Develop/Cake13/birthright/views/counts/admin_view.ctp, line 79]
2011-10-30 17:24:52 Notice: Notice (8): Undefined index: room in [/home/diogo/Develop/Cake13/birthright/views/counts/admin_view.ctp, line 80]
2011-10-30 17:24:52 Notice: Notice (8): Undefined index: user_id in [/home/diogo/Develop/Cake13/birthright/views/counts/admin_view.ctp, line 81]
2011-10-30 17:24:55 Notice: Notice (8): Undefined index: counts in [/home/diogo/Develop/Cake13/birthright/plugins/r_search/views/helpers/r_search.php, line 61]
2011-10-30 17:25:01 Notice: Notice (8): Undefined index: cod in [/home/diogo/Develop/Cake13/birthright/views/kinds/admin_view.ctp, line 73]
2011-10-30 17:25:01 Notice: Notice (8): Undefined index: measure in [/home/diogo/Develop/Cake13/birthright/views/kinds/admin_view.ctp, line 76]
2011-10-30 17:25:01 Notice: Notice (8): Undefined index: organization_id in [/home/diogo/Develop/Cake13/birthright/views/kinds/admin_view.ctp, line 78]
2011-10-30 17:25:01 Notice: Notice (8): Undefined index: section_id in [/home/diogo/Develop/Cake13/birthright/views/kinds/admin_view.ctp, line 79]
2011-10-30 17:25:01 Notice: Notice (8): Undefined index: room in [/home/diogo/Develop/Cake13/birthright/views/kinds/admin_view.ctp, line 80]
2011-10-30 17:25:01 Notice: Notice (8): Undefined index: user_id in [/home/diogo/Develop/Cake13/birthright/views/kinds/admin_view.ctp, line 81]
2011-10-30 17:25:04 Notice: Notice (8): Undefined index: kinds in [/home/diogo/Develop/Cake13/birthright/plugins/r_search/views/helpers/r_search.php, line 61]
2011-10-30 17:25:10 Notice: Notice (8): Undefined index: cod in [/home/diogo/Develop/Cake13/birthright/views/counts/admin_view.ctp, line 73]
2011-10-30 17:25:10 Notice: Notice (8): Undefined index: measure in [/home/diogo/Develop/Cake13/birthright/views/counts/admin_view.ctp, line 76]
2011-10-30 17:25:10 Notice: Notice (8): Undefined index: organization_id in [/home/diogo/Develop/Cake13/birthright/views/counts/admin_view.ctp, line 78]
2011-10-30 17:25:10 Notice: Notice (8): Undefined index: section_id in [/home/diogo/Develop/Cake13/birthright/views/counts/admin_view.ctp, line 79]
2011-10-30 17:25:10 Notice: Notice (8): Undefined index: room in [/home/diogo/Develop/Cake13/birthright/views/counts/admin_view.ctp, line 80]
2011-10-30 17:25:10 Notice: Notice (8): Undefined index: user_id in [/home/diogo/Develop/Cake13/birthright/views/counts/admin_view.ctp, line 81]
2011-10-30 17:25:13 Notice: Notice (8): Undefined index: counts in [/home/diogo/Develop/Cake13/birthright/plugins/r_search/views/helpers/r_search.php, line 61]
2011-10-30 17:25:46 Notice: Notice (8): Undefined index: cod in [/home/diogo/Develop/Cake13/birthright/views/kinds/admin_view.ctp, line 73]
2011-10-30 17:25:46 Notice: Notice (8): Undefined index: measure in [/home/diogo/Develop/Cake13/birthright/views/kinds/admin_view.ctp, line 76]
2011-10-30 17:25:46 Notice: Notice (8): Undefined index: organization_id in [/home/diogo/Develop/Cake13/birthright/views/kinds/admin_view.ctp, line 78]
2011-10-30 17:25:46 Notice: Notice (8): Undefined index: section_id in [/home/diogo/Develop/Cake13/birthright/views/kinds/admin_view.ctp, line 79]
2011-10-30 17:25:46 Notice: Notice (8): Undefined index: room in [/home/diogo/Develop/Cake13/birthright/views/kinds/admin_view.ctp, line 80]
2011-10-30 17:25:46 Notice: Notice (8): Undefined index: user_id in [/home/diogo/Develop/Cake13/birthright/views/kinds/admin_view.ctp, line 81]
2011-10-30 17:25:48 Notice: Notice (8): Undefined index: kinds in [/home/diogo/Develop/Cake13/birthright/plugins/r_search/views/helpers/r_search.php, line 61]
2011-10-30 17:56:13 Notice: Notice (8): Undefined index: equipment in [/home/diogo/Develop/Cake13/birthright/plugins/r_search/views/helpers/r_search.php, line 61]
2011-10-30 17:56:19 Notice: Notice (8): Undefined index: equipment in [/home/diogo/Develop/Cake13/birthright/plugins/r_search/views/helpers/r_search.php, line 61]
2011-10-30 17:58:58 Notice: Notice (8): Undefined variable: patrimony in [/home/diogo/Develop/Cake13/birthright/views/patrimonies/admin_add.ctp, line 10]
2011-10-30 17:59:38 Notice: Notice (8): Undefined index: Equipment in [/home/diogo/Develop/Cake13/birthright/views/patrimonies/admin_add.ctp, line 10]
2011-10-30 18:00:30 Notice: Notice (8): Undefined index: fcg in [/home/diogo/Develop/Cake13/birthright/views/patrimonies/admin_add.ctp, line 10]
2011-10-30 18:09:26 Notice: Notice (8): Undefined index: patrimonies in [/home/diogo/Develop/Cake13/birthright/plugins/r_search/views/helpers/r_search.php, line 61]
2011-10-30 21:48:51 Notice: Notice (8): Undefined index: patrimonies in [/home/diogo/Develop/Cake13/birthright/plugins/r_search/views/helpers/r_search.php, line 61]
2011-10-30 21:51:07 Notice: Notice (8): Undefined index: equipment in [/home/diogo/Develop/Cake13/birthright/plugins/r_search/views/helpers/r_search.php, line 61]
2011-10-30 21:52:07 Notice: Notice (8): Undefined index: patrimonies in [/home/diogo/Develop/Cake13/birthright/plugins/r_search/views/helpers/r_search.php, line 61]
2011-10-30 21:52:46 Notice: Notice (8): Undefined index: patrimonies in [/home/diogo/Develop/Cake13/birthright/plugins/r_search/views/helpers/r_search.php, line 61]
2011-10-30 21:54:06 Notice: Notice (8): Undefined index: patrimonies in [/home/diogo/Develop/Cake13/birthright/plugins/r_search/views/helpers/r_search.php, line 61]
2011-10-30 21:54:19 Notice: Notice (8): Undefined index: patrimonies in [/home/diogo/Develop/Cake13/birthright/plugins/r_search/views/helpers/r_search.php, line 61]
2011-10-30 21:54:48 Notice: Notice (8): Undefined index: patrimonies in [/home/diogo/Develop/Cake13/birthright/plugins/r_search/views/helpers/r_search.php, line 61]
2011-10-30 21:55:03 Notice: Notice (8): Undefined index: equipment in [/home/diogo/Develop/Cake13/birthright/plugins/r_search/views/helpers/r_search.php, line 61]
2011-10-30 21:56:11 Notice: Notice (8): Undefined index: equipment in [/home/diogo/Develop/Cake13/birthright/plugins/r_search/views/helpers/r_search.php, line 61]
2011-10-30 21:56:19 Notice: Notice (8): Undefined index: owners in [/home/diogo/Develop/Cake13/birthright/plugins/r_search/views/helpers/r_search.php, line 61]
2011-10-30 21:56:40 Notice: Notice (8): Undefined index: equipment in [/home/diogo/Develop/Cake13/birthright/plugins/r_search/views/helpers/r_search.php, line 61]
2011-10-30 22:07:47 Notice: Notice (8): Undefined index: Section in [/home/diogo/Develop/Cake13/birthright/views/equipment/admin_view.ctp, line 87]
2011-10-30 22:07:47 Notice: Notice (8): Undefined index: Patrimony in [/home/diogo/Develop/Cake13/birthright/views/equipment/admin_view.ctp, line 88]
2011-10-30 22:07:47 Notice: Notice (8): Undefined index: User in [/home/diogo/Develop/Cake13/birthright/views/equipment/admin_view.ctp, line 89]
2011-10-30 22:07:47 Notice: Notice (8): Undefined index: Patrimony in [/home/diogo/Develop/Cake13/birthright/views/equipment/admin_view.ctp, line 90]
2011-10-30 22:07:47 Notice: Notice (8): Undefined variable: patrimony in [/home/diogo/Develop/Cake13/birthright/views/equipment/admin_view.ctp, line 92]
2011-10-30 22:07:47 Notice: Notice (8): Undefined variable: patrimony in [/home/diogo/Develop/Cake13/birthright/views/equipment/admin_view.ctp, line 93]
2011-10-30 22:07:47 Notice: Notice (8): Undefined variable: patrimony in [/home/diogo/Develop/Cake13/birthright/views/equipment/admin_view.ctp, line 97]
2011-10-30 22:07:47 Notice: Notice (8): Undefined variable: patrimony in [/home/diogo/Develop/Cake13/birthright/views/equipment/admin_view.ctp, line 101]
2011-10-30 22:07:47 Notice: Notice (8): Undefined index: equipment in [/home/diogo/Develop/Cake13/birthright/plugins/r_search/views/helpers/r_search.php, line 61]
2011-10-30 22:10:46 Notice: Notice (8): Undefined index: Section in [/home/diogo/Develop/Cake13/birthright/views/equipment/admin_view.ctp, line 88]
2011-10-30 22:10:46 Notice: Notice (8): Undefined index: Patrimony in [/home/diogo/Develop/Cake13/birthright/views/equipment/admin_view.ctp, line 89]
2011-10-30 22:10:46 Notice: Notice (8): Undefined index: User in [/home/diogo/Develop/Cake13/birthright/views/equipment/admin_view.ctp, line 90]
2011-10-30 22:10:46 Notice: Notice (8): Undefined index: Patrimony in [/home/diogo/Develop/Cake13/birthright/views/equipment/admin_view.ctp, line 91]
2011-10-30 22:10:47 Notice: Notice (8): Undefined variable: patrimony in [/home/diogo/Develop/Cake13/birthright/views/equipment/admin_view.ctp, line 93]
2011-10-30 22:10:47 Notice: Notice (8): Undefined variable: patrimony in [/home/diogo/Develop/Cake13/birthright/views/equipment/admin_view.ctp, line 94]
2011-10-30 22:10:47 Notice: Notice (8): Undefined variable: patrimony in [/home/diogo/Develop/Cake13/birthright/views/equipment/admin_view.ctp, line 98]
2011-10-30 22:10:47 Notice: Notice (8): Undefined variable: patrimony in [/home/diogo/Develop/Cake13/birthright/views/equipment/admin_view.ctp, line 102]
2011-10-30 22:10:47 Notice: Notice (8): Undefined index: equipment in [/home/diogo/Develop/Cake13/birthright/plugins/r_search/views/helpers/r_search.php, line 61]
2011-10-30 22:12:25 Notice: Notice (8): Undefined index: patrimonies in [/home/diogo/Develop/Cake13/birthright/plugins/r_search/views/helpers/r_search.php, line 61]
2011-10-30 22:13:12 Notice: Notice (8): Undefined index: Section in [/home/diogo/Develop/Cake13/birthright/views/equipment/admin_view.ctp, line 88]
2011-10-30 22:13:12 Notice: Notice (8): Undefined index: Patrimony in [/home/diogo/Develop/Cake13/birthright/views/equipment/admin_view.ctp, line 89]
2011-10-30 22:13:12 Notice: Notice (8): Undefined index: User in [/home/diogo/Develop/Cake13/birthright/views/equipment/admin_view.ctp, line 90]
2011-10-30 22:13:12 Notice: Notice (8): Undefined index: Patrimony in [/home/diogo/Develop/Cake13/birthright/views/equipment/admin_view.ctp, line 91]
2011-10-30 22:13:12 Notice: Notice (8): Undefined variable: patrimony in [/home/diogo/Develop/Cake13/birthright/views/equipment/admin_view.ctp, line 93]
2011-10-30 22:13:12 Notice: Notice (8): Undefined variable: patrimony in [/home/diogo/Develop/Cake13/birthright/views/equipment/admin_view.ctp, line 94]
2011-10-30 22:13:12 Notice: Notice (8): Undefined variable: patrimony in [/home/diogo/Develop/Cake13/birthright/views/equipment/admin_view.ctp, line 98]
2011-10-30 22:13:12 Notice: Notice (8): Undefined variable: patrimony in [/home/diogo/Develop/Cake13/birthright/views/equipment/admin_view.ctp, line 102]
2011-10-30 22:13:12 Notice: Notice (8): Undefined index: equipment in [/home/diogo/Develop/Cake13/birthright/plugins/r_search/views/helpers/r_search.php, line 61]
2011-10-30 22:15:52 Notice: Notice (8): Undefined index: room_id in [/home/diogo/Develop/Cake13/birthright/views/equipment/admin_view.ctp, line 91]
2011-10-30 22:15:52 Notice: Notice (8): Undefined variable: patrimony in [/home/diogo/Develop/Cake13/birthright/views/equipment/admin_view.ctp, line 95]
2011-10-30 22:15:52 Notice: Notice (8): Undefined variable: patrimony in [/home/diogo/Develop/Cake13/birthright/views/equipment/admin_view.ctp, line 96]
2011-10-30 22:15:52 Notice: Notice (8): Undefined variable: patrimony in [/home/diogo/Develop/Cake13/birthright/views/equipment/admin_view.ctp, line 100]
2011-10-30 22:15:52 Notice: Notice (8): Undefined variable: patrimony in [/home/diogo/Develop/Cake13/birthright/views/equipment/admin_view.ctp, line 104]
2011-10-30 22:15:52 Notice: Notice (8): Undefined index: equipment in [/home/diogo/Develop/Cake13/birthright/plugins/r_search/views/helpers/r_search.php, line 61]
2011-10-30 22:16:19 Notice: Notice (8): Undefined variable: patrimony in [/home/diogo/Develop/Cake13/birthright/views/equipment/admin_view.ctp, line 95]
2011-10-30 22:16:19 Notice: Notice (8): Undefined variable: patrimony in [/home/diogo/Develop/Cake13/birthright/views/equipment/admin_view.ctp, line 96]
2011-10-30 22:16:19 Notice: Notice (8): Undefined variable: patrimony in [/home/diogo/Develop/Cake13/birthright/views/equipment/admin_view.ctp, line 100]
2011-10-30 22:16:19 Notice: Notice (8): Undefined variable: patrimony in [/home/diogo/Develop/Cake13/birthright/views/equipment/admin_view.ctp, line 104]
2011-10-30 22:16:19 Notice: Notice (8): Undefined index: equipment in [/home/diogo/Develop/Cake13/birthright/plugins/r_search/views/helpers/r_search.php, line 61]
2011-10-30 22:17:03 Notice: Notice (8): Undefined variable: patrimony in [/home/diogo/Develop/Cake13/birthright/views/equipment/admin_view.ctp, line 104]
2011-10-30 22:17:03 Notice: Notice (8): Undefined index: equipment in [/home/diogo/Develop/Cake13/birthright/plugins/r_search/views/helpers/r_search.php, line 61]
2011-10-30 22:17:24 Notice: Notice (8): Undefined index: equipment in [/home/diogo/Develop/Cake13/birthright/plugins/r_search/views/helpers/r_search.php, line 61]
2011-10-30 22:17:34 Notice: Notice (8): Undefined index: equipment in [/home/diogo/Develop/Cake13/birthright/plugins/r_search/views/helpers/r_search.php, line 61]
2011-10-30 22:17:52 Notice: Notice (8): Undefined index: equipment in [/home/diogo/Develop/Cake13/birthright/plugins/r_search/views/helpers/r_search.php, line 61]
2011-10-30 22:19:42 Notice: Notice (8): Undefined index: equipment in [/home/diogo/Develop/Cake13/birthright/plugins/r_search/views/helpers/r_search.php, line 61]
2011-10-30 22:20:03 Notice: Notice (8): Undefined index: equipment in [/home/diogo/Develop/Cake13/birthright/plugins/r_search/views/helpers/r_search.php, line 61]
2011-10-30 22:20:38 Notice: Notice (8): Undefined index: equipment in [/home/diogo/Develop/Cake13/birthright/plugins/r_search/views/helpers/r_search.php, line 61]
2011-10-30 22:20:40 Notice: Notice (8): Undefined index: patrimonies in [/home/diogo/Develop/Cake13/birthright/plugins/r_search/views/helpers/r_search.php, line 61]
2011-10-30 22:21:00 Notice: Notice (8): Undefined index: equipment in [/home/diogo/Develop/Cake13/birthright/plugins/r_search/views/helpers/r_search.php, line 61]
2011-10-30 22:21:38 Notice: Notice (8): Undefined index: equipment in [/home/diogo/Develop/Cake13/birthright/plugins/r_search/views/helpers/r_search.php, line 61]
2011-10-30 22:21:57 Notice: Notice (8): Undefined index: patrimonies in [/home/diogo/Develop/Cake13/birthright/plugins/r_search/views/helpers/r_search.php, line 61]
2011-10-30 22:26:09 Notice: Notice (8): Undefined index: equipment in [/home/diogo/Develop/Cake13/birthright/plugins/r_search/views/helpers/r_search.php, line 61]
2011-10-30 22:26:36 Notice: Notice (8): Undefined index: equipment in [/home/diogo/Develop/Cake13/birthright/plugins/r_search/views/helpers/r_search.php, line 61]
2011-10-30 22:27:05 Notice: Notice (8): Undefined index: equipment in [/home/diogo/Develop/Cake13/birthright/plugins/r_search/views/helpers/r_search.php, line 61]
2011-10-30 22:28:12 Notice: Notice (8): Undefined property: DebugView::$Paginator in [/home/diogo/Develop/Cake13/birthright/views/equipment/admin_view.ctp, line 115]
2011-10-30 22:28:12 Notice: Notice (8): Trying to get property of non-object in [/home/diogo/Develop/Cake13/birthright/views/equipment/admin_view.ctp, line 115]
2011-10-30 22:29:31 Notice: Notice (8): Undefined property: DebugView::$Paginator in [/home/diogo/Develop/Cake13/birthright/views/equipment/admin_view.ctp, line 115]
2011-10-30 22:29:31 Notice: Notice (8): Trying to get property of non-object in [/home/diogo/Develop/Cake13/birthright/views/equipment/admin_view.ctp, line 115]
2011-10-30 22:29:42 Notice: Notice (8): Undefined property: DebugView::$Paginator in [/home/diogo/Develop/Cake13/birthright/views/equipment/admin_view.ctp, line 115]
2011-10-30 22:29:42 Notice: Notice (8): Trying to get property of non-object in [/home/diogo/Develop/Cake13/birthright/views/equipment/admin_view.ctp, line 115]
2011-10-30 22:30:08 Notice: Notice (8): Undefined index: equipment in [/home/diogo/Develop/Cake13/birthright/plugins/r_search/views/helpers/r_search.php, line 61]
2011-10-30 22:30:18 Notice: Notice (8): Undefined index: equipment in [/home/diogo/Develop/Cake13/birthright/plugins/r_search/views/helpers/r_search.php, line 61]
2011-10-30 22:31:10 Notice: Notice (8): Undefined index: equipment in [/home/diogo/Develop/Cake13/birthright/plugins/r_search/views/helpers/r_search.php, line 61]
2011-10-30 22:32:46 Notice: Notice (8): Undefined index: equipment in [/home/diogo/Develop/Cake13/birthright/plugins/r_search/views/helpers/r_search.php, line 61]
2011-10-30 22:35:22 Notice: Notice (8): Undefined property: DebugView::$Paginator in [/home/diogo/Develop/Cake13/birthright/views/equipment/admin_view.ctp, line 115]
2011-10-30 22:35:22 Notice: Notice (8): Trying to get property of non-object in [/home/diogo/Develop/Cake13/birthright/views/equipment/admin_view.ctp, line 115]
2011-10-30 22:36:36 Notice: Notice (8): Undefined property: DebugView::$Paginator in [/home/diogo/Develop/Cake13/birthright/views/equipment/admin_view.ctp, line 115]
2011-10-30 22:36:36 Notice: Notice (8): Trying to get property of non-object in [/home/diogo/Develop/Cake13/birthright/views/equipment/admin_view.ctp, line 115]
2011-10-30 22:37:03 Notice: Notice (8): Undefined property: DebugView::$Paginator in [/home/diogo/Develop/Cake13/birthright/views/equipment/admin_view.ctp, line 115]
2011-10-30 22:37:03 Notice: Notice (8): Trying to get property of non-object in [/home/diogo/Develop/Cake13/birthright/views/equipment/admin_view.ctp, line 115]
2011-10-30 22:37:03 Notice: Notice (8): Undefined index: equipment in [/home/diogo/Develop/Cake13/birthright/plugins/r_search/views/helpers/r_search.php, line 61]
2011-10-30 22:37:38 Notice: Notice (8): Undefined index: equipment in [/home/diogo/Develop/Cake13/birthright/plugins/r_search/views/helpers/r_search.php, line 61]
2011-10-30 22:38:17 Notice: Notice (8): Undefined index: equipment in [/home/diogo/Develop/Cake13/birthright/plugins/r_search/views/helpers/r_search.php, line 61]
2011-10-30 22:46:29 Notice: Notice (8): Undefined index: equipment in [/home/diogo/Develop/Cake13/birthright/plugins/r_search/views/helpers/r_search.php, line 61]
2011-10-30 22:46:51 Notice: Notice (8): Undefined index: equipment in [/home/diogo/Develop/Cake13/birthright/plugins/r_search/views/helpers/r_search.php, line 61]
2011-10-30 22:47:49 Notice: Notice (8): Undefined index: equipment in [/home/diogo/Develop/Cake13/birthright/plugins/r_search/views/helpers/r_search.php, line 61]
2011-10-30 22:48:22 Notice: Notice (8): Undefined index: equipment in [/home/diogo/Develop/Cake13/birthright/plugins/r_search/views/helpers/r_search.php, line 61]
2011-10-30 22:48:32 Notice: Notice (8): Undefined index: equipment in [/home/diogo/Develop/Cake13/birthright/plugins/r_search/views/helpers/r_search.php, line 61]
2011-10-30 22:48:44 Notice: Notice (8): Undefined index: equipment in [/home/diogo/Develop/Cake13/birthright/plugins/r_search/views/helpers/r_search.php, line 61]
2011-10-30 22:48:49 Notice: Notice (8): Undefined index: equipment in [/home/diogo/Develop/Cake13/birthright/plugins/r_search/views/helpers/r_search.php, line 61]
2011-10-30 22:49:12 Notice: Notice (8): Undefined index: equipment in [/home/diogo/Develop/Cake13/birthright/plugins/r_search/views/helpers/r_search.php, line 61]
2011-10-30 22:50:09 Notice: Notice (8): Undefined index: equipment in [/home/diogo/Develop/Cake13/birthright/plugins/r_search/views/helpers/r_search.php, line 61]
2011-10-30 22:50:56 Notice: Notice (8): Undefined index: equipment in [/home/diogo/Develop/Cake13/birthright/plugins/r_search/views/helpers/r_search.php, line 61]
2011-10-30 22:51:06 Notice: Notice (8): Undefined index: equipment in [/home/diogo/Develop/Cake13/birthright/plugins/r_search/views/helpers/r_search.php, line 61]
2011-10-30 22:52:02 Notice: Notice (8): Undefined index: equipment in [/home/diogo/Develop/Cake13/birthright/plugins/r_search/views/helpers/r_search.php, line 61]
2011-10-30 22:54:43 Notice: Notice (8): Undefined index: equipment in [/home/diogo/Develop/Cake13/birthright/plugins/r_search/views/helpers/r_search.php, line 61]
2011-10-30 22:56:03 Notice: Notice (8): Undefined index: equipment in [/home/diogo/Develop/Cake13/birthright/plugins/r_search/views/helpers/r_search.php, line 61]
2011-10-30 22:57:31 Notice: Notice (8): Undefined index: equipment in [/home/diogo/Develop/Cake13/birthright/plugins/r_search/views/helpers/r_search.php, line 61]
2011-10-30 22:57:51 Notice: Notice (8): Undefined index: patrimonies in [/home/diogo/Develop/Cake13/birthright/plugins/r_search/views/helpers/r_search.php, line 61]
2011-10-30 23:17:54 Notice: Notice (8): Undefined index: Owner in [/home/diogo/Develop/Cake13/birthright/views/sections/admin_index.ctp, line 21]
2011-10-31 10:38:41 Notice: Notice (8): Undefined index: equipment in [/home/dor/Develop/Cake13/birthright/plugins/r_search/views/helpers/r_search.php, line 61]
2011-10-31 10:40:14 Notice: Notice (8): Undefined index: equipment in [/home/dor/Develop/Cake13/birthright/plugins/r_search/views/helpers/r_search.php, line 61]
2011-10-31 12:28:13 Notice: Notice (8): Undefined index: sections in [/home/dor/Develop/Cake13/birthright/plugins/r_search/views/helpers/r_search.php, line 61]
2011-10-31 12:28:15 Notice: Notice (8): Undefined index: sections in [/home/dor/Develop/Cake13/birthright/plugins/r_search/views/helpers/r_search.php, line 61]
2011-10-31 12:31:01 Notice: Notice (8): Undefined index: sections in [/home/dor/Develop/Cake13/birthright/plugins/r_search/views/helpers/r_search.php, line 61]
2011-10-31 12:31:47 Notice: Notice (8): Undefined index: sections in [/home/dor/Develop/Cake13/birthright/plugins/r_search/views/helpers/r_search.php, line 61]
2011-10-31 12:31:48 Notice: Notice (8): Undefined index: sections in [/home/dor/Develop/Cake13/birthright/plugins/r_search/views/helpers/r_search.php, line 61]
2011-10-31 12:38:17 Notice: Notice (8): Undefined index: equipment in [/home/dor/Develop/Cake13/birthright/plugins/r_search/views/helpers/r_search.php, line 61]
2011-10-31 12:52:40 Notice: Notice (8): Undefined index: sections in [/home/dor/Develop/Cake13/birthright/plugins/r_search/views/helpers/r_search.php, line 61]
2011-10-31 12:52:41 Notice: Notice (8): Undefined index: sections in [/home/dor/Develop/Cake13/birthright/plugins/r_search/views/helpers/r_search.php, line 61]
2011-10-31 12:59:22 Notice: Notice (8): Undefined index: sections in [/home/dor/Develop/Cake13/birthright/plugins/r_search/views/helpers/r_search.php, line 61]
2011-10-31 13:01:06 Notice: Notice (8): Undefined index: sections in [/home/dor/Develop/Cake13/birthright/plugins/r_search/views/helpers/r_search.php, line 61]
2011-10-31 13:01:24 Notice: Notice (8): Undefined index: sections in [/home/dor/Develop/Cake13/birthright/plugins/r_search/views/helpers/r_search.php, line 61]
2011-10-31 14:15:30 Notice: Notice (8): Undefined index: patrimonies in [/home/dor/Develop/Cake13/birthright/plugins/r_search/views/helpers/r_search.php, line 61]
2011-10-31 14:16:15 Notice: Notice (8): Undefined index: equipment in [/home/dor/Develop/Cake13/birthright/plugins/r_search/views/helpers/r_search.php, line 61]
2011-11-01 08:10:56 Notice: Notice (8): Undefined index: equipment in [/home/dor/Develop/Cake13/birthright/plugins/r_search/views/helpers/r_search.php, line 61]
2011-11-01 08:11:00 Notice: Notice (8): Undefined index: equipment in [/home/dor/Develop/Cake13/birthright/plugins/r_search/views/helpers/r_search.php, line 61]
2011-11-01 08:23:56 Notice: Notice (8): Undefined index: equipment in [/home/dor/Develop/Cake13/birthright/plugins/r_search/views/helpers/r_search.php, line 61]
2011-11-01 08:24:00 Notice: Notice (8): Undefined index: equipment in [/home/dor/Develop/Cake13/birthright/plugins/r_search/views/helpers/r_search.php, line 61]
2011-11-01 08:26:00 Notice: Notice (8): Undefined index: equipment in [/home/dor/Develop/Cake13/birthright/plugins/r_search/views/helpers/r_search.php, line 61]
2011-11-01 08:26:02 Notice: Notice (8): Undefined index: equipment in [/home/dor/Develop/Cake13/birthright/plugins/r_search/views/helpers/r_search.php, line 61]
2011-11-01 08:26:56 Notice: Notice (8): Undefined index: equipment in [/home/dor/Develop/Cake13/birthright/plugins/r_search/views/helpers/r_search.php, line 61]
2011-11-01 08:42:32 Notice: Notice (8): Undefined index: equipment in [/home/dor/Develop/Cake13/birthright/plugins/r_search/views/helpers/r_search.php, line 61]
2011-11-01 08:45:15 Notice: Notice (8): Undefined index: equipment in [/home/dor/Develop/Cake13/birthright/plugins/r_search/views/helpers/r_search.php, line 61]
2011-11-01 08:45:24 Notice: Notice (8): Undefined index: equipment in [/home/dor/Develop/Cake13/birthright/plugins/r_search/views/helpers/r_search.php, line 61]
2011-11-01 08:45:42 Notice: Notice (8): Undefined index: equipment in [/home/dor/Develop/Cake13/birthright/plugins/r_search/views/helpers/r_search.php, line 61]
2011-11-01 09:43:49 Notice: Notice (8): Undefined index: equipment in [/home/dor/Develop/Cake13/birthright/plugins/r_search/views/helpers/r_search.php, line 61]
2011-11-01 09:52:34 Notice: Notice (8): Undefined index: equipment in [/home/dor/Develop/Cake13/birthright/plugins/r_search/views/helpers/r_search.php, line 61]
2011-11-01 10:03:47 Notice: Notice (8): Undefined index: equipment in [/home/dor/Develop/Cake13/birthright/plugins/r_search/views/helpers/r_search.php, line 61]
2011-11-01 10:11:07 Notice: Notice (8): Undefined index: equipment in [/home/dor/Develop/Cake13/birthright/plugins/r_search/views/helpers/r_search.php, line 62]
2011-11-01 10:13:36 Notice: Notice (8): Undefined index: equipment in [/home/dor/Develop/Cake13/birthright/plugins/r_search/views/helpers/r_search.php, line 61]
2011-11-01 10:14:27 Notice: Notice (8): Undefined index: equipment in [/home/dor/Develop/Cake13/birthright/plugins/r_search/views/helpers/r_search.php, line 62]
2011-11-01 10:14:59 Notice: Notice (8): Undefined index: equipment in [/home/dor/Develop/Cake13/birthright/plugins/r_search/views/helpers/r_search.php, line 62]
2011-11-01 10:15:03 Notice: Notice (8): Undefined index: equipment in [/home/dor/Develop/Cake13/birthright/plugins/r_search/views/helpers/r_search.php, line 62]
2011-11-01 10:15:51 Notice: Notice (8): Undefined index: 0 in [/home/dor/Develop/Cake13/birthright/plugins/r_search/views/helpers/r_search.php, line 58]
2011-11-01 10:15:54 Notice: Notice (8): Undefined index: equipment in [/home/dor/Develop/Cake13/birthright/plugins/r_search/views/helpers/r_search.php, line 62]
2011-11-01 10:17:44 Notice: Notice (8): Undefined index: 0 in [/home/dor/Develop/Cake13/birthright/plugins/r_search/views/helpers/r_search.php, line 58]
2011-11-01 10:19:40 Notice: Notice (8): Undefined index: 0 in [/home/dor/Develop/Cake13/birthright/plugins/r_search/views/helpers/r_search.php, line 58]
2011-11-01 10:23:32 Notice: Notice (8): Undefined index: 0 in [/home/dor/Develop/Cake13/birthright/plugins/r_search/views/helpers/r_search.php, line 58]
2011-11-01 11:24:15 Notice: Notice (8): Undefined index: equipment in [/home/dor/Develop/Cake13/birthright/plugins/r_search/views/helpers/r_search.php, line 62]
2011-11-01 11:42:26 Notice: Notice (8): Undefined index: equipment in [/home/dor/Develop/Cake13/birthright/plugins/r_search/views/helpers/r_search.php, line 62]
2011-11-01 11:42:45 Notice: Notice (8): Undefined index: equipment in [/home/dor/Develop/Cake13/birthright/plugins/r_search/views/helpers/r_search.php, line 62]
2011-11-01 11:43:53 Notice: Notice (8): Undefined index: equipment in [/home/dor/Develop/Cake13/birthright/plugins/r_search/views/helpers/r_search.php, line 62]
2011-11-01 11:45:11 Notice: Notice (8): Undefined index: patrimonies in [/home/dor/Develop/Cake13/birthright/plugins/r_search/views/helpers/r_search.php, line 62]
2011-11-01 11:50:46 Notice: Notice (8): Undefined index: equipment in [/home/dor/Develop/Cake13/birthright/plugins/r_search/views/helpers/r_search.php, line 62]
2011-11-01 11:53:24 Notice: Notice (8): Undefined index: equipment in [/home/dor/Develop/Cake13/birthright/plugins/r_search/views/helpers/r_search.php, line 62]
2011-11-01 11:54:00 Notice: Notice (8): Undefined index: patrimonies in [/home/dor/Develop/Cake13/birthright/plugins/r_search/views/helpers/r_search.php, line 62]
2011-11-01 11:55:24 Notice: Notice (8): Undefined index: patrimonies in [/home/dor/Develop/Cake13/birthright/plugins/r_search/views/helpers/r_search.php, line 62]
2011-11-01 12:07:44 Notice: Notice (8): Undefined index: equipment in [/home/dor/Develop/Cake13/birthright/plugins/r_search/views/helpers/r_search.php, line 62]
2011-11-01 12:08:21 Notice: Notice (8): Undefined index: equipment in [/home/dor/Develop/Cake13/birthright/plugins/r_search/views/helpers/r_search.php, line 62]
2011-11-01 12:44:48 Notice: Notice (8): Undefined index: patrimonies in [/home/dor/Develop/Cake13/birthright/plugins/r_search/views/helpers/r_search.php, line 62]
2011-11-01 12:46:59 Notice: Notice (8): Undefined index: equipment in [/home/dor/Develop/Cake13/birthright/plugins/r_search/views/helpers/r_search.php, line 62]
2011-11-01 12:47:15 Notice: Notice (8): Undefined index: patrimonies in [/home/dor/Develop/Cake13/birthright/plugins/r_search/views/helpers/r_search.php, line 62]
2011-11-01 12:48:34 Notice: Notice (8): Undefined index: equipment in [/home/dor/Develop/Cake13/birthright/plugins/r_search/views/helpers/r_search.php, line 62]
2011-11-01 12:48:55 Notice: Notice (8): Undefined index: patrimonies in [/home/dor/Develop/Cake13/birthright/plugins/r_search/views/helpers/r_search.php, line 62]
2011-11-01 13:11:43 Notice: Notice (8): Undefined index: equipment in [/home/dor/Develop/Cake13/birthright/plugins/r_search/views/helpers/r_search.php, line 62]
2011-11-01 13:11:51 Notice: Notice (8): Undefined index: equipment in [/home/dor/Develop/Cake13/birthright/plugins/r_search/views/helpers/r_search.php, line 62]
2011-11-01 13:12:00 Notice: Notice (8): Undefined index: equipment in [/home/dor/Develop/Cake13/birthright/plugins/r_search/views/helpers/r_search.php, line 62]
2011-11-01 13:12:12 Notice: Notice (8): Undefined index: equipment in [/home/dor/Develop/Cake13/birthright/plugins/r_search/views/helpers/r_search.php, line 62]
2011-11-01 13:12:20 Notice: Notice (8): Undefined index: equipment in [/home/dor/Develop/Cake13/birthright/plugins/r_search/views/helpers/r_search.php, line 62]
2011-11-01 13:19:33 Notice: Notice (8): Undefined index: equipment in [/home/dor/Develop/Cake13/birthright/plugins/r_search/views/helpers/r_search.php, line 62]
2011-11-01 13:20:14 Notice: Notice (8): Undefined index: equipment in [/home/dor/Develop/Cake13/birthright/plugins/r_search/views/helpers/r_search.php, line 62]
2011-11-01 13:20:20 Notice: Notice (8): Undefined index: patrimonies in [/home/dor/Develop/Cake13/birthright/plugins/r_search/views/helpers/r_search.php, line 62]
2011-11-01 13:40:24 Notice: Notice (8): Undefined index: equipment in [/home/dor/Develop/Cake13/birthright/plugins/r_search/views/helpers/r_search.php, line 62]
2011-11-01 14:09:18 Notice: Notice (8): Undefined index: equipment in [/home/dor/Develop/Cake13/birthright/plugins/r_search/views/helpers/r_search.php, line 62]
2011-11-01 14:10:32 Notice: Notice (8): Undefined index: equipment in [/home/dor/Develop/Cake13/birthright/plugins/r_search/views/helpers/r_search.php, line 62]
2011-11-01 14:12:07 Notice: Notice (8): Undefined index: equipment in [/home/dor/Develop/Cake13/birthright/plugins/r_search/views/helpers/r_search.php, line 62]
2011-11-01 14:12:13 Notice: Notice (8): Undefined index: patrimonies in [/home/dor/Develop/Cake13/birthright/plugins/r_search/views/helpers/r_search.php, line 62]
2011-11-01 14:18:50 Notice: Notice (8): Undefined index: patrimonies in [/home/dor/Develop/Cake13/birthright/plugins/r_search/views/helpers/r_search.php, line 62]
2011-11-01 14:37:36 Notice: Notice (8): Undefined index: patrimonies in [/home/dor/Develop/Cake13/birthright/plugins/r_search/views/helpers/r_search.php, line 62]
2011-11-01 14:37:45 Notice: Notice (8): Undefined index: patrimonies in [/home/dor/Develop/Cake13/birthright/plugins/r_search/views/helpers/r_search.php, line 62]
2011-11-01 14:46:54 Notice: Notice (8): Undefined index: patrimonies in [/home/dor/Develop/Cake13/birthright/plugins/r_search/views/helpers/r_search.php, line 62]
2011-11-01 14:47:05 Notice: Notice (8): Undefined index: patrimonies in [/home/dor/Develop/Cake13/birthright/plugins/r_search/views/helpers/r_search.php, line 62]
2011-11-01 14:51:19 Notice: Notice (8): Undefined index: patrimonies in [/home/dor/Develop/Cake13/birthright/plugins/r_search/views/helpers/r_search.php, line 62]
2011-11-01 14:51:56 Notice: Notice (8): Undefined index: sections in [/home/dor/Develop/Cake13/birthright/plugins/r_search/views/helpers/r_search.php, line 62]
2011-11-01 20:40:22 Notice: Notice (8): Undefined index: equipment in [/home/diogo/Develop/Cake13/birthright/plugins/r_search/views/helpers/r_search.php, line 62]
2011-11-01 20:41:18 Notice: Notice (8): Undefined index: Equipmenty in [/home/diogo/Develop/Cake13/birthright/views/equipment/admin_edit.ctp, line 21]
2011-11-01 20:41:18 Notice: Notice (8): Undefined index: Equipmenty in [/home/diogo/Develop/Cake13/birthright/views/equipment/admin_edit.ctp, line 25]
2011-11-01 20:41:18 Notice: Notice (8): Undefined index: equipment in [/home/diogo/Develop/Cake13/birthright/plugins/r_search/views/helpers/r_search.php, line 62]
2011-11-01 20:41:43 Notice: Notice (8): Undefined index: equipment in [/home/diogo/Develop/Cake13/birthright/plugins/r_search/views/helpers/r_search.php, line 62]
2011-11-01 21:24:42 Notice: Notice (8): Undefined index: equipment in [/home/diogo/Develop/Cake13/birthright/plugins/r_search/views/helpers/r_search.php, line 62]
2011-11-01 22:25:16 Notice: Notice (8): Undefined index: equipment in [/home/diogo/Develop/Cake13/birthright/plugins/r_search/views/helpers/r_search.php, line 62]
2011-11-01 22:41:35 Notice: Notice (8): Undefined index: equipment in [/home/diogo/Develop/Cake13/birthright/plugins/r_search/views/helpers/r_search.php, line 62]
2011-11-01 22:43:05 Notice: Notice (8): Undefined index: equipment in [/home/diogo/Develop/Cake13/birthright/plugins/r_search/views/helpers/r_search.php, line 62]
2011-11-01 22:44:05 Notice: Notice (8): Undefined index: patrimonies in [/home/diogo/Develop/Cake13/birthright/plugins/r_search/views/helpers/r_search.php, line 62]
2011-11-02 19:48:06 Notice: Notice (8): Undefined index: patrimonies in [/home/diogo/Develop/Cake13/birthright/plugins/r_search/views/helpers/r_search.php, line 61]
2011-11-02 19:48:23 Notice: Notice (8): Undefined index: patrimonies in [/home/diogo/Develop/Cake13/birthright/plugins/r_search/views/helpers/r_search.php, line 61]
2011-11-02 19:48:51 Notice: Notice (8): Undefined index: patrimonies in [/home/diogo/Develop/Cake13/birthright/plugins/r_search/views/helpers/r_search.php, line 61]
2011-11-02 19:50:06 Notice: Notice (8): Undefined index: patrimonies in [/home/diogo/Develop/Cake13/birthright/plugins/r_search/views/helpers/r_search.php, line 61]
2011-11-02 19:50:31 Notice: Notice (8): Undefined index: patrimonies in [/home/diogo/Develop/Cake13/birthright/plugins/r_search/views/helpers/r_search.php, line 61]
2011-11-02 20:31:07 Notice: Notice (8): Undefined index: patrimonies in [/home/diogo/Develop/Cake13/birthright/plugins/r_search/views/helpers/r_search.php, line 61]
2011-11-02 22:44:45 Notice: Notice (8): Undefined index: filter in [/home/diogo/Develop/Cake13/birthright/controllers/equipment_controller.php, line 19]
2011-11-02 22:44:45 Notice: Notice (8): Undefined index: filter in [/home/diogo/Develop/Cake13/birthright/controllers/equipment_controller.php, line 26]
2011-11-02 22:45:24 Notice: Notice (8): Undefined index: filter in [/home/diogo/Develop/Cake13/birthright/controllers/equipment_controller.php, line 19]
2011-11-02 22:45:24 Notice: Notice (8): Undefined index: filter in [/home/diogo/Develop/Cake13/birthright/controllers/equipment_controller.php, line 26]
2011-11-02 22:46:24 Notice: Notice (8): Undefined index: filter in [/home/diogo/Develop/Cake13/birthright/controllers/equipment_controller.php, line 19]
2011-11-02 22:46:24 Notice: Notice (8): Undefined index: filter in [/home/diogo/Develop/Cake13/birthright/controllers/equipment_controller.php, line 26]
2011-11-02 23:07:22 Notice: Notice (8): Undefined property: EquipmentController::$Locale in [/home/diogo/Develop/Cake13/birthright/controllers/equipment_controller.php, line 29]
2011-11-02 23:12:28 Notice: Notice (8): Undefined index: filter in [/home/diogo/Develop/Cake13/birthright/controllers/equipment_controller.php, line 18]
2011-11-02 23:12:28 Notice: Notice (8): Undefined index: filter in [/home/diogo/Develop/Cake13/birthright/controllers/equipment_controller.php, line 25]
2011-11-02 23:39:20 Notice: Notice (8): Undefined index: filter in [/home/diogo/Develop/Cake13/birthright/controllers/equipment_controller.php, line 18]
2011-11-02 23:39:20 Notice: Notice (8): Undefined index: filter in [/home/diogo/Develop/Cake13/birthright/controllers/equipment_controller.php, line 25]
2011-11-02 23:39:43 Notice: Notice (8): Undefined index: filter in [/home/diogo/Develop/Cake13/birthright/controllers/equipment_controller.php, line 18]
2011-11-02 23:39:43 Notice: Notice (8): Undefined index: filter in [/home/diogo/Develop/Cake13/birthright/controllers/equipment_controller.php, line 25]
2011-11-02 23:39:47 Notice: Notice (8): Undefined index: filter in [/home/diogo/Develop/Cake13/birthright/controllers/equipment_controller.php, line 18]
2011-11-02 23:39:47 Notice: Notice (8): Undefined index: filter in [/home/diogo/Develop/Cake13/birthright/controllers/equipment_controller.php, line 25]
2011-11-02 23:39:57 Notice: Notice (8): Undefined index: filter in [/home/diogo/Develop/Cake13/birthright/controllers/equipment_controller.php, line 18]
2011-11-02 23:39:57 Notice: Notice (8): Undefined index: filter in [/home/diogo/Develop/Cake13/birthright/controllers/equipment_controller.php, line 25]
2011-11-03 12:54:47 Notice: Notice (8): Undefined index: patrimonies in [/home/dor/Develop/Cake13/birthright/plugins/r_search/views/helpers/r_search.php, line 61]
2011-11-03 14:10:43 Notice: Notice (8): Undefined index: equipment in [/home/dor/Develop/Cake13/birthright/plugins/r_search/views/helpers/r_search.php, line 61]
2011-11-03 14:26:01 Notice: Notice (8): Undefined index: equipment in [/home/dor/Develop/Cake13/birthright/plugins/r_search/views/helpers/r_search.php, line 61]
2011-11-03 14:28:55 Notice: Notice (8): Undefined index: patrimonies in [/home/dor/Develop/Cake13/birthright/plugins/r_search/views/helpers/r_search.php, line 61]
2011-11-03 14:42:35 Notice: Notice (8): Undefined index: equipment in [/home/dor/Develop/Cake13/birthright/plugins/r_search/views/helpers/r_search.php, line 61]
2011-11-03 14:45:11 Notice: Notice (8): Undefined index: equipment in [/home/dor/Develop/Cake13/birthright/plugins/r_search/views/helpers/r_search.php, line 61]
2011-11-03 14:45:49 Notice: Notice (8): Undefined index: patrimonies in [/home/dor/Develop/Cake13/birthright/plugins/r_search/views/helpers/r_search.php, line 61]
2011-11-03 14:47:51 Notice: Notice (8): Undefined index: patrimonies in [/home/dor/Develop/Cake13/birthright/plugins/r_search/views/helpers/r_search.php, line 61]
2011-11-03 14:49:22 Notice: Notice (8): Undefined index: equipment in [/home/dor/Develop/Cake13/birthright/plugins/r_search/views/helpers/r_search.php, line 61]
2011-11-03 15:10:06 Notice: Notice (8): Undefined index: equipment in [/home/dor/Develop/Cake13/birthright/plugins/r_search/views/helpers/r_search.php, line 61]
2011-11-03 15:10:41 Notice: Notice (8): Undefined index: patrimonies in [/home/dor/Develop/Cake13/birthright/plugins/r_search/views/helpers/r_search.php, line 61]
2011-11-03 15:11:56 Notice: Notice (8): Undefined index: equipment in [/home/dor/Develop/Cake13/birthright/plugins/r_search/views/helpers/r_search.php, line 61]
2011-11-03 17:19:45 Notice: Notice (8): Undefined index: patrimonies in [/home/dor/Develop/Cake13/birthright/plugins/r_search/views/helpers/r_search.php, line 61]
2011-11-03 19:54:14 Notice: Notice (8): Undefined index: equipment in [/home/diogo/Develop/Cake13/birthright/plugins/r_search/views/helpers/r_search.php, line 61]
2011-11-03 20:14:49 Notice: Notice (8): Undefined index: patrimonies in [/home/diogo/Develop/Cake13/birthright/plugins/r_search/views/helpers/r_search.php, line 61]
2011-11-03 20:15:37 Notice: Notice (8): Undefined index: patrimonies in [/home/diogo/Develop/Cake13/birthright/plugins/r_search/views/helpers/r_search.php, line 61]
2011-11-03 20:17:18 Notice: Notice (8): Undefined index: patrimonies in [/home/diogo/Develop/Cake13/birthright/plugins/r_search/views/helpers/r_search.php, line 61]
2011-11-03 20:31:24 Notice: Notice (8): Undefined variable: value in [/home/diogo/Develop/Cake13/birthright/plugins/locale/models/behaviors/locale.php, line 144]
2011-11-03 21:15:00 Notice: Notice (8): Undefined index: equipment in [/home/diogo/Develop/Cake13/birthright/plugins/r_search/views/helpers/r_search.php, line 61]
2011-11-03 21:16:57 Notice: Notice (8): Undefined index: equipment in [/home/diogo/Develop/Cake13/birthright/plugins/r_search/views/helpers/r_search.php, line 61]
2011-11-03 21:22:21 Notice: Notice (8): Undefined index: equipment in [/home/diogo/Develop/Cake13/birthright/plugins/r_search/views/helpers/r_search.php, line 61]
2011-11-03 21:24:59 Notice: Notice (8): Undefined property: DebugView::$dateTime in [/home/diogo/Develop/Cake13/birthright/views/patrimonies/admin_edit.ctp, line 20]
2011-11-03 21:24:59 Notice: Notice (8): Undefined index: patrimonies in [/home/diogo/Develop/Cake13/birthright/plugins/r_search/views/helpers/r_search.php, line 61]
2011-11-03 21:25:44 Notice: Notice (8): Undefined property: DebugView::$date in [/home/diogo/Develop/Cake13/birthright/views/patrimonies/admin_edit.ctp, line 20]
2011-11-03 21:25:44 Notice: Notice (8): Undefined index: patrimonies in [/home/diogo/Develop/Cake13/birthright/plugins/r_search/views/helpers/r_search.php, line 61]
2011-11-03 21:27:23 Notice: Notice (8): Undefined index: patrimonies in [/home/diogo/Develop/Cake13/birthright/plugins/r_search/views/helpers/r_search.php, line 61]
2011-11-03 21:30:18 Notice: Notice (8): Undefined index: patrimonies in [/home/diogo/Develop/Cake13/birthright/plugins/r_search/views/helpers/r_search.php, line 61]
2011-11-03 21:31:26 Notice: Notice (8): Undefined index: patrimonies in [/home/diogo/Develop/Cake13/birthright/plugins/r_search/views/helpers/r_search.php, line 61]
2011-11-03 21:31:48 Notice: Notice (8): Undefined index: equipment in [/home/diogo/Develop/Cake13/birthright/plugins/r_search/views/helpers/r_search.php, line 61]
2011-11-03 21:36:06 Notice: Notice (8): Undefined index: includeRegiste in [/home/diogo/Develop/Cake13/birthright/views/patrimonies/admin_index.ctp, line 44]
2011-11-03 21:36:41 Notice: Notice (8): Undefined index: patrimonies in [/home/diogo/Develop/Cake13/birthright/plugins/r_search/views/helpers/r_search.php, line 61]
2011-11-03 22:00:46 Notice: Notice (8): Undefined index: equipment in [/home/diogo/Develop/Cake13/birthright/plugins/r_search/views/helpers/r_search.php, line 61]
2011-11-03 22:07:23 Notice: Notice (8): Undefined property: EquipmentController::$DefaultValue in [/home/diogo/Develop/Cake13/birthright/controllers/equipment_controller.php, line 55]
2011-11-03 22:09:57 Notice: Notice (8): Undefined property: EquipmentController::$Kind in [/home/diogo/Develop/Cake13/birthright/controllers/equipment_controller.php, line 55]
2011-11-03 22:10:37 Notice: Notice (8): Undefined property: Kind::$DefaulValue in [/home/diogo/Develop/Cake13/birthright/controllers/equipment_controller.php, line 55]
2011-11-03 22:14:50 Notice: Notice (8): Undefined variable: defaultValue in [/home/diogo/Develop/Cake13/birthright/views/equipment/admin_add.ctp, line 9]
2011-11-03 22:15:49 Notice: Notice (8): Undefined variable: defaultValue in [/home/diogo/Develop/Cake13/birthright/views/equipment/admin_add.ctp, line 12]
2011-11-03 22:16:00 Notice: Notice (8): Undefined index: kind_id in [/home/diogo/Develop/Cake13/birthright/views/equipment/admin_add.ctp, line 12]
2011-11-03 22:16:42 Notice: Notice (8): Undefined variable: defultValues in [/home/diogo/Develop/Cake13/birthright/views/equipment/admin_add.ctp, line 9]
2011-11-03 22:16:42 Notice: Notice (8): Undefined index: kind_id in [/home/diogo/Develop/Cake13/birthright/views/equipment/admin_add.ctp, line 13]
2011-11-03 22:16:55 Notice: Notice (8): Undefined index: kind_id in [/home/diogo/Develop/Cake13/birthright/views/equipment/admin_add.ctp, line 13]
2011-11-03 22:18:06 Notice: Notice (8): Undefined index: kinds in [/home/diogo/Develop/Cake13/birthright/plugins/r_search/views/helpers/r_search.php, line 61]
2011-11-03 22:24:20 Notice: Notice (8): Undefined property: DebugView::$dateTime in [/home/diogo/Develop/Cake13/birthright/views/equipment/admin_edit.ctp, line 27]
2011-11-03 22:24:20 Notice: Notice (8): Undefined index: equipment in [/home/diogo/Develop/Cake13/birthright/plugins/r_search/views/helpers/r_search.php, line 61]
2011-11-03 22:24:48 Notice: Notice (8): Undefined index: equipment in [/home/diogo/Develop/Cake13/birthright/plugins/r_search/views/helpers/r_search.php, line 61]
2011-11-03 22:25:18 Notice: Notice (8): Undefined index: equipment in [/home/diogo/Develop/Cake13/birthright/plugins/r_search/views/helpers/r_search.php, line 61]
2011-11-03 22:25:25 Notice: Notice (8): Undefined index: equipment in [/home/diogo/Develop/Cake13/birthright/plugins/r_search/views/helpers/r_search.php, line 61]
2011-11-03 22:25:32 Notice: Notice (8): Undefined index: equipment in [/home/diogo/Develop/Cake13/birthright/plugins/r_search/views/helpers/r_search.php, line 61]
2011-11-03 22:25:50 Notice: Notice (8): Undefined index: equipment in [/home/diogo/Develop/Cake13/birthright/plugins/r_search/views/helpers/r_search.php, line 61]
2011-11-03 22:26:01 Notice: Notice (8): Undefined index: equipment in [/home/diogo/Develop/Cake13/birthright/plugins/r_search/views/helpers/r_search.php, line 61]
2011-11-03 22:26:15 Notice: Notice (8): Undefined index: equipment in [/home/diogo/Develop/Cake13/birthright/plugins/r_search/views/helpers/r_search.php, line 61]
2011-11-03 22:30:14 Notice: Notice (8): Undefined property: Patrimony::$Kind in [/home/diogo/Develop/Cake13/birthright/controllers/patrimonies_controller.php, line 58]
2011-11-03 22:30:14 Notice: Notice (8): Trying to get property of non-object in [/home/diogo/Develop/Cake13/birthright/controllers/patrimonies_controller.php, line 58]
2011-11-03 22:33:52 Notice: Notice (8): Undefined index: patrimonies in [/home/diogo/Develop/Cake13/birthright/plugins/r_search/views/helpers/r_search.php, line 61]
2011-11-03 22:39:03 Notice: Notice (8): Undefined index: patrimonies in [/home/diogo/Develop/Cake13/birthright/plugins/r_search/views/helpers/r_search.php, line 61]
2011-11-03 22:39:03 Notice: Notice (8): Undefined index: patrimonies in [/home/diogo/Develop/Cake13/birthright/plugins/r_search/views/helpers/r_search.php, line 61]
2011-11-03 22:45:01 Notice: Notice (8): Undefined index: patrimonies in [/home/diogo/Develop/Cake13/birthright/plugins/r_search/views/helpers/r_search.php, line 61]
2011-11-03 22:45:08 Notice: Notice (8): Undefined index: patrimonies in [/home/diogo/Develop/Cake13/birthright/plugins/r_search/views/helpers/r_search.php, line 61]
2011-11-03 22:45:14 Notice: Notice (8): Undefined index: patrimonies in [/home/diogo/Develop/Cake13/birthright/plugins/r_search/views/helpers/r_search.php, line 61]
2011-11-03 22:47:51 Notice: Notice (8): Undefined index: patrimonies in [/home/diogo/Develop/Cake13/birthright/plugins/r_search/views/helpers/r_search.php, line 61]
2011-11-03 22:48:43 Notice: Notice (8): Undefined index: patrimonies in [/home/diogo/Develop/Cake13/birthright/plugins/r_search/views/helpers/r_search.php, line 61]
2011-11-03 23:24:32 Notice: Notice (8): Undefined variable: controller in [/home/diogo/Develop/Cake13/birthright/views/layouts/default.ctp, line 52]
2011-11-05 17:05:21 Notice: Notice (8): Undefined index: equipment in [/home/diogo/Develop/Cake13/birthright/plugins/r_search/views/helpers/r_search.php, line 61]
2011-11-05 17:05:26 Notice: Notice (8): Undefined index: patrimonies in [/home/diogo/Develop/Cake13/birthright/plugins/r_search/views/helpers/r_search.php, line 61]
2011-11-05 17:23:47 Notice: Notice (8): Undefined variable: allEquipments in [/home/diogo/Develop/Cake13/birthright/controllers/equipment_controller.php, line 114]
2011-11-05 17:23:57 Notice: Notice (8): Undefined variable: allEquipments in [/home/diogo/Develop/Cake13/birthright/controllers/equipment_controller.php, line 114]
2011-11-05 17:24:52 Notice: Notice (8): Undefined variable: allEquipments in [/home/diogo/Develop/Cake13/birthright/controllers/equipment_controller.php, line 114]
2011-11-05 17:25:08 Notice: Notice (8): Array to string conversion in [/home/diogo/Develop/Cake13/cake/libs/model/datasources/dbo_source.php, line 2204]
2011-11-05 17:25:13 Notice: Notice (8): Undefined variable: allEquipments in [/home/diogo/Develop/Cake13/birthright/controllers/equipment_controller.php, line 114]
2011-11-05 17:25:35 Notice: Notice (8): Array to string conversion in [/home/diogo/Develop/Cake13/cake/libs/model/datasources/dbo_source.php, line 2204]
2011-11-05 17:25:40 Notice: Notice (8): Undefined variable: allEquipments in [/home/diogo/Develop/Cake13/birthright/controllers/equipment_controller.php, line 114]
2011-11-05 17:26:05 Notice: Notice (8): Array to string conversion in [/home/diogo/Develop/Cake13/cake/libs/model/datasources/dbo_source.php, line 2204]
2011-11-05 17:26:30 Notice: Notice (8): Array to string conversion in [/home/diogo/Develop/Cake13/cake/libs/model/datasources/dbo_source.php, line 2204]
2011-11-05 17:33:47 Notice: Notice (8): Undefined index: id in [/home/diogo/Develop/Cake13/birthright/controllers/equipment_controller.php, line 108]
2011-11-05 17:33:59 Notice: Notice (8): Undefined index: 0 in [/home/diogo/Develop/Cake13/birthright/controllers/equipment_controller.php, line 108]
2011-11-05 17:34:11 Notice: Notice (8): Undefined index: 1 in [/home/diogo/Develop/Cake13/birthright/controllers/equipment_controller.php, line 108]
2011-11-05 18:23:41 Notice: Notice (8): Undefined variable: priceTotal in [/home/diogo/Develop/Cake13/birthright/controllers/equipment_controller.php, line 115]
2011-11-05 19:38:07 Notice: Notice (8): Undefined property: Equipment::$Section in [/home/diogo/Develop/Cake13/birthright/controllers/equipment_controller.php, line 83]
2011-11-05 19:38:07 Notice: Notice (8): Trying to get property of non-object in [/home/diogo/Develop/Cake13/birthright/controllers/equipment_controller.php, line 83]
2011-11-05 19:40:09 Notice: Notice (8): Undefined property: Equipment::$Section in [/home/diogo/Develop/Cake13/birthright/controllers/equipment_controller.php, line 83]
2011-11-05 19:40:09 Notice: Notice (8): Trying to get property of non-object in [/home/diogo/Develop/Cake13/birthright/controllers/equipment_controller.php, line 83]
2011-11-05 19:43:15 Notice: Notice (8): Undefined index: equipment in [/home/diogo/Develop/Cake13/birthright/plugins/r_search/views/helpers/r_search.php, line 61]
2011-11-05 19:43:38 Notice: Notice (8): Undefined index: equipment in [/home/diogo/Develop/Cake13/birthright/plugins/r_search/views/helpers/r_search.php, line 61]
2011-11-05 19:43:44 Notice: Notice (8): Undefined index: equipment in [/home/diogo/Develop/Cake13/birthright/plugins/r_search/views/helpers/r_search.php, line 61]
2011-11-05 19:43:50 Notice: Notice (8): Undefined index: equipment in [/home/diogo/Develop/Cake13/birthright/plugins/r_search/views/helpers/r_search.php, line 61]
2011-11-05 19:43:56 Notice: Notice (8): Undefined index: equipment in [/home/diogo/Develop/Cake13/birthright/plugins/r_search/views/helpers/r_search.php, line 61]
2011-11-05 19:44:02 Notice: Notice (8): Undefined index: equipment in [/home/diogo/Develop/Cake13/birthright/plugins/r_search/views/helpers/r_search.php, line 61]
2011-11-05 19:49:53 Notice: Notice (8): Undefined index: equipment in [/home/diogo/Develop/Cake13/birthright/plugins/r_search/views/helpers/r_search.php, line 61]
2011-11-05 20:12:15 Notice: Notice (8): Undefined index: equipment in [/home/diogo/Develop/Cake13/birthright/plugins/r_search/views/helpers/r_search.php, line 61]
2011-11-05 20:21:23 Notice: Notice (8): Undefined index: equipment in [/home/diogo/Develop/Cake13/birthright/plugins/r_search/views/helpers/r_search.php, line 61]
2011-11-05 20:21:31 Notice: Notice (8): Undefined index: equipment in [/home/diogo/Develop/Cake13/birthright/plugins/r_search/views/helpers/r_search.php, line 61]
2011-11-05 20:21:36 Notice: Notice (8): Undefined index: equipment in [/home/diogo/Develop/Cake13/birthright/plugins/r_search/views/helpers/r_search.php, line 61]
2011-11-05 20:21:41 Notice: Notice (8): Undefined index: equipment in [/home/diogo/Develop/Cake13/birthright/plugins/r_search/views/helpers/r_search.php, line 61]
2011-11-05 20:21:50 Notice: Notice (8): Undefined index: equipment in [/home/diogo/Develop/Cake13/birthright/plugins/r_search/views/helpers/r_search.php, line 61]
2011-11-05 20:21:54 Notice: Notice (8): Undefined index: equipment in [/home/diogo/Develop/Cake13/birthright/plugins/r_search/views/helpers/r_search.php, line 61]
2011-11-05 20:22:00 Notice: Notice (8): Undefined index: equipment in [/home/diogo/Develop/Cake13/birthright/plugins/r_search/views/helpers/r_search.php, line 61]
2011-11-05 20:22:10 Notice: Notice (8): Undefined index: equipment in [/home/diogo/Develop/Cake13/birthright/plugins/r_search/views/helpers/r_search.php, line 61]
2011-11-05 20:22:20 Notice: Notice (8): Undefined index: equipment in [/home/diogo/Develop/Cake13/birthright/plugins/r_search/views/helpers/r_search.php, line 61]
2011-11-05 20:23:49 Notice: Notice (8): Undefined index: equipment in [/home/diogo/Develop/Cake13/birthright/plugins/r_search/views/helpers/r_search.php, line 61]
2011-11-05 20:24:49 Notice: Notice (8): Undefined index: equipment in [/home/diogo/Develop/Cake13/birthright/plugins/r_search/views/helpers/r_search.php, line 61]
2011-11-05 20:45:16 Notice: Notice (8): Undefined index: equipment in [/home/diogo/Develop/Cake13/birthright/plugins/r_search/views/helpers/r_search.php, line 61]
2011-11-05 20:52:24 Notice: Notice (8): Undefined index: equipment in [/home/diogo/Develop/Cake13/birthright/plugins/r_search/views/helpers/r_search.php, line 61]
2011-11-05 22:23:23 Notice: Notice (8): Undefined index: equipment in [/home/diogo/Develop/Cake13/birthright/plugins/r_search/views/helpers/r_search.php, line 61]
2011-11-09 22:27:48 Notice: Notice (8): Undefined index: patrimonies in [/home/diogo/Develop/Cake13/birthright/plugins/r_search/views/helpers/r_search.php, line 61]
2011-11-09 22:28:10 Notice: Notice (8): Undefined index: patrimonies in [/home/diogo/Develop/Cake13/birthright/plugins/r_search/views/helpers/r_search.php, line 61]
2011-11-09 22:28:14 Notice: Notice (8): Undefined index: patrimonies in [/home/diogo/Develop/Cake13/birthright/plugins/r_search/views/helpers/r_search.php, line 61]
2011-11-09 22:28:25 Notice: Notice (8): Undefined index: patrimonies in [/home/diogo/Develop/Cake13/birthright/plugins/r_search/views/helpers/r_search.php, line 61]
2011-11-09 22:28:35 Notice: Notice (8): Undefined index: patrimonies in [/home/diogo/Develop/Cake13/birthright/plugins/r_search/views/helpers/r_search.php, line 61]
2011-11-09 22:28:45 Notice: Notice (8): Undefined index: patrimonies in [/home/diogo/Develop/Cake13/birthright/plugins/r_search/views/helpers/r_search.php, line 61]
2011-11-09 22:28:56 Notice: Notice (8): Undefined index: patrimonies in [/home/diogo/Develop/Cake13/birthright/plugins/r_search/views/helpers/r_search.php, line 61]
2011-11-09 22:29:05 Notice: Notice (8): Undefined index: patrimonies in [/home/diogo/Develop/Cake13/birthright/plugins/r_search/views/helpers/r_search.php, line 61]
2011-11-09 22:29:14 Notice: Notice (8): Undefined index: patrimonies in [/home/diogo/Develop/Cake13/birthright/plugins/r_search/views/helpers/r_search.php, line 61]
2011-11-09 22:29:22 Notice: Notice (8): Undefined index: patrimonies in [/home/diogo/Develop/Cake13/birthright/plugins/r_search/views/helpers/r_search.php, line 61]
2011-11-09 22:29:32 Notice: Notice (8): Undefined index: patrimonies in [/home/diogo/Develop/Cake13/birthright/plugins/r_search/views/helpers/r_search.php, line 61]
2011-11-09 22:29:56 Notice: Notice (8): Undefined index: patrimonies in [/home/diogo/Develop/Cake13/birthright/plugins/r_search/views/helpers/r_search.php, line 61]
2011-11-09 22:30:31 Notice: Notice (8): Undefined index: patrimonies in [/home/diogo/Develop/Cake13/birthright/plugins/r_search/views/helpers/r_search.php, line 61]
2011-11-09 22:30:41 Notice: Notice (8): Undefined index: patrimonies in [/home/diogo/Develop/Cake13/birthright/plugins/r_search/views/helpers/r_search.php, line 61]
2011-11-09 22:30:55 Notice: Notice (8): Undefined index: patrimonies in [/home/diogo/Develop/Cake13/birthright/plugins/r_search/views/helpers/r_search.php, line 61]
2011-11-09 22:31:05 Notice: Notice (8): Undefined index: patrimonies in [/home/diogo/Develop/Cake13/birthright/plugins/r_search/views/helpers/r_search.php, line 61]
2011-11-09 22:31:18 Notice: Notice (8): Undefined index: patrimonies in [/home/diogo/Develop/Cake13/birthright/plugins/r_search/views/helpers/r_search.php, line 61]
2011-11-09 22:31:30 Notice: Notice (8): Undefined index: patrimonies in [/home/diogo/Develop/Cake13/birthright/plugins/r_search/views/helpers/r_search.php, line 61]
2011-11-09 22:32:02 Notice: Notice (8): Undefined index: patrimonies in [/home/diogo/Develop/Cake13/birthright/plugins/r_search/views/helpers/r_search.php, line 61]
2011-11-09 22:32:52 Notice: Notice (8): Undefined index: patrimonies in [/home/diogo/Develop/Cake13/birthright/plugins/r_search/views/helpers/r_search.php, line 61]
2011-11-09 22:33:04 Notice: Notice (8): Undefined index: patrimonies in [/home/diogo/Develop/Cake13/birthright/plugins/r_search/views/helpers/r_search.php, line 61]
2011-11-09 22:33:29 Notice: Notice (8): Undefined index: patrimonies in [/home/diogo/Develop/Cake13/birthright/plugins/r_search/views/helpers/r_search.php, line 61]
2011-11-09 22:55:45 Notice: Notice (8): Undefined index: name in [/home/diogo/Develop/Cake13/birthright/views/patrimonies/admin_index.ctp, line 87]
2011-11-09 22:56:15 Notice: Notice (8): Undefined index: name in [/home/diogo/Develop/Cake13/birthright/views/patrimonies/admin_index.ctp, line 87]
2011-11-09 22:56:33 Notice: Notice (8): Undefined index: name in [/home/diogo/Develop/Cake13/birthright/views/patrimonies/admin_index.ctp, line 87]
2011-11-09 22:56:53 Notice: Notice (8): Undefined index: name in [/home/diogo/Develop/Cake13/birthright/views/patrimonies/admin_index.ctp, line 87]
2011-11-09 22:57:00 Notice: Notice (8): Undefined index: name in [/home/diogo/Develop/Cake13/birthright/views/patrimonies/admin_index.ctp, line 87]
2011-11-09 23:01:13 Notice: Notice (8): Undefined index: name in [/home/diogo/Develop/Cake13/birthright/views/patrimonies/admin_index.ctp, line 88]
2011-11-09 23:01:17 Notice: Notice (8): Undefined index: name in [/home/diogo/Develop/Cake13/birthright/views/patrimonies/admin_index.ctp, line 88]
2011-11-09 23:01:37 Notice: Notice (8): Undefined index: name in [/home/diogo/Develop/Cake13/birthright/views/patrimonies/admin_index.ctp, line 88]
2011-11-09 23:01:48 Notice: Notice (8): Undefined index: name in [/home/diogo/Develop/Cake13/birthright/views/patrimonies/admin_index.ctp, line 88]
2011-11-09 23:02:17 Notice: Notice (8): Undefined index: name in [/home/diogo/Develop/Cake13/birthright/views/patrimonies/admin_index.ctp, line 88]
2011-11-09 23:15:57 Notice: Notice (8): Undefined property: PatrimoniesController::$_paginator in [/home/diogo/Develop/Cake13/birthright/controllers/patrimonies_controller.php, line 30]
2011-11-09 23:16:38 Notice: Notice (8): Undefined variable: paginator in [/home/diogo/Develop/Cake13/birthright/controllers/patrimonies_controller.php, line 30]
2011-11-09 23:27:15 Notice: Notice (8): Undefined property: DebugView::$Paginator in [/home/diogo/Develop/Cake13/birthright/views/patrimonies/admin_index.ctp, line 7]
2011-11-09 23:28:44 Notice: Notice (8): Undefined property: DebugView::$Paginator in [/home/diogo/Develop/Cake13/birthright/views/patrimonies/admin_index.ctp, line 7]
2011-11-09 23:28:46 Notice: Notice (8): Undefined property: DebugView::$Paginator in [/home/diogo/Develop/Cake13/birthright/views/patrimonies/admin_index.ctp, line 7]
2011-11-09 23:29:04 Notice: Notice (8): Undefined property: DebugView::$Paginator in [/home/diogo/Develop/Cake13/birthright/views/patrimonies/admin_index.ctp, line 7]
2011-11-09 23:29:20 Notice: Notice (8): Undefined property: DebugView::$Paginator in [/home/diogo/Develop/Cake13/birthright/views/patrimonies/admin_index.ctp, line 7]
2011-11-09 23:29:39 Notice: Notice (8): Undefined property: DebugView::$Paginator in [/home/diogo/Develop/Cake13/birthright/views/patrimonies/admin_index.ctp, line 7]
2011-11-09 23:29:47 Notice: Notice (8): Undefined property: DebugView::$Paginator in [/home/diogo/Develop/Cake13/birthright/views/patrimonies/admin_index.ctp, line 7]
2011-11-09 23:30:01 Notice: Notice (8): Undefined property: DebugView::$Paginator in [/home/diogo/Develop/Cake13/birthright/views/patrimonies/admin_index.ctp, line 7]
2011-11-09 23:31:37 Notice: Notice (8): Undefined property: DebugView::$Paginator in [/home/diogo/Develop/Cake13/birthright/views/patrimonies/admin_index.ctp, line 7]
2011-11-09 23:33:36 Notice: Notice (8): Undefined property: DebugView::$Paginator in [/home/diogo/Develop/Cake13/birthright/views/patrimonies/admin_index.ctp, line 7]
2011-11-09 23:33:44 Notice: Notice (8): Undefined property: DebugView::$Paginator in [/home/diogo/Develop/Cake13/birthright/views/patrimonies/admin_index.ctp, line 7]
2011-11-09 23:56:31 Notice: Notice (8): Undefined index: filter in [/home/diogo/Develop/Cake13/birthright/controllers/patrimonies_controller.php, line 19]
2011-11-10 00:03:31 Notice: Notice (8): Undefined index: filter in [/home/diogo/Develop/Cake13/birthright/controllers/patrimonies_controller.php, line 19]
2011-11-10 00:09:28 Notice: Notice (8): Undefined index: name in [/home/diogo/Develop/Cake13/birthright/views/patrimonies/admin_index.ctp, line 79]
2011-11-10 00:09:36 Notice: Notice (8): Undefined index: name in [/home/diogo/Develop/Cake13/birthright/views/patrimonies/admin_index.ctp, line 79]
2011-11-10 00:09:48 Notice: Notice (8): Undefined index: name in [/home/diogo/Develop/Cake13/birthright/views/patrimonies/admin_index.ctp, line 79]
