2011-02-01 12:11:28 Warning: Warning (2): Missing argument 2 for AppController::__setFlash(), called in /home/diogo/Develop/Cake13/financeiro/app_controller.php on line 115 and defined in [/home/diogo/Develop/Cake13/financeiro/app_controller.php, line 377]
2011-02-01 12:11:28 Warning: Warning (2): Cannot modify header information - headers already sent by (output started at /home/diogo/Develop/Cake13/cake/libs/debugger.php:673) in [/home/diogo/Develop/Cake13/cake/libs/controller/controller.php, line 746]
2011-02-02 02:29:24 Warning: Warning (2): Missing argument 2 for AppController::__setFlash(), called in /home/diogo/Develop/Cake13/financeiro/controllers/bills_controller.php on line 35 and defined in [/home/diogo/Develop/Cake13/financeiro/app_controller.php, line 376]
2011-02-02 02:29:59 Warning: Warning (2): Missing argument 2 for AppController::__setFlash(), called in /home/diogo/Develop/Cake13/financeiro/controllers/bills_controller.php on line 35 and defined in [/home/diogo/Develop/Cake13/financeiro/app_controller.php, line 376]
2011-02-02 02:34:18 Warning: Warning (2): Missing argument 2 for AppController::__setFlash(), called in /home/diogo/Develop/Cake13/financeiro/controllers/bills_controller.php on line 35 and defined in [/home/diogo/Develop/Cake13/financeiro/app_controller.php, line 376]
2011-02-02 02:34:46 Warning: Warning (2): Missing argument 2 for AppController::__setFlash(), called in /home/diogo/Develop/Cake13/financeiro/controllers/bills_controller.php on line 32 and defined in [/home/diogo/Develop/Cake13/financeiro/app_controller.php, line 376]
2011-02-02 02:42:09 Warning: Warning (2): Missing argument 2 for AppController::__setFlash(), called in /home/diogo/Develop/Cake13/financeiro/controllers/bills_controller.php on line 49 and defined in [/home/diogo/Develop/Cake13/financeiro/app_controller.php, line 376]
2011-02-04 11:36:36 Warning: Warning (2): Missing argument 2 for AppController::__setFlash(), called in /home/diogo/Develop/Cake13/financeiro/controllers/bills_controller.php on line 33 and defined in [/home/diogo/Develop/Cake13/financeiro/app_controller.php, line 374]
2011-02-04 11:36:36 Warning: Warning (2): Cannot modify header information - headers already sent by (output started at /home/diogo/Develop/Cake13/cake/libs/debugger.php:673) in [/home/diogo/Develop/Cake13/cake/libs/controller/controller.php, line 746]
2011-02-04 11:37:20 Warning: Warning (2): Missing argument 2 for AppController::__setFlash(), called in /home/diogo/Develop/Cake13/financeiro/controllers/bills_controller.php on line 33 and defined in [/home/diogo/Develop/Cake13/financeiro/app_controller.php, line 374]
2011-02-04 11:44:57 Warning: Warning (2): Missing argument 2 for AppController::__setFlash(), called in /home/diogo/Develop/Cake13/financeiro/controllers/bills_controller.php on line 69 and defined in [/home/diogo/Develop/Cake13/financeiro/app_controller.php, line 374]
2011-02-04 11:45:00 Warning: Warning (2): Missing argument 2 for AppController::__setFlash(), called in /home/diogo/Develop/Cake13/financeiro/controllers/bills_controller.php on line 69 and defined in [/home/diogo/Develop/Cake13/financeiro/app_controller.php, line 374]
2011-02-04 11:45:04 Warning: Warning (2): Missing argument 2 for AppController::__setFlash(), called in /home/diogo/Develop/Cake13/financeiro/controllers/bills_controller.php on line 69 and defined in [/home/diogo/Develop/Cake13/financeiro/app_controller.php, line 374]
2011-02-04 13:22:39 Warning: Warning (2): Missing argument 2 for AppController::__setFlash(), called in /home/diogo/Develop/Cake13/financeiro/controllers/bills_controller.php on line 35 and defined in [/home/diogo/Develop/Cake13/financeiro/app_controller.php, line 374]
2011-02-04 13:24:22 Warning: Warning (2): Missing argument 2 for AppController::__setFlash(), called in /home/diogo/Develop/Cake13/financeiro/controllers/bills_controller.php on line 71 and defined in [/home/diogo/Develop/Cake13/financeiro/app_controller.php, line 374]
2011-02-04 13:24:38 Warning: Warning (2): Missing argument 2 for AppController::__setFlash(), called in /home/diogo/Develop/Cake13/financeiro/controllers/bills_controller.php on line 35 and defined in [/home/diogo/Develop/Cake13/financeiro/app_controller.php, line 374]
2011-02-09 16:49:02 Warning: Warning (2): Missing argument 2 for AppController::__setFlash(), called in /home/diogo/Develop/Cake13/financeiro/controllers/bills_controller.php on line 71 and defined in [/home/diogo/Develop/Cake13/financeiro/app_controller.php, line 374]
2011-09-30 13:58:11 Warning: Warning (2): mysql_connect() [http://php.net/function.mysql-connect]: Can't connect to local MySQL server through socket '/var/run/mysql/mysql.sock' (2) in [/home/dor/Develop/Cake13/cake/libs/model/datasources/dbo/dbo_mysql.php, line 552]
2011-09-30 13:58:11 Warning: Warning (2): mysql_select_db() expects parameter 2 to be resource, boolean given in [/home/dor/Develop/Cake13/cake/libs/model/datasources/dbo/dbo_mysql.php, line 558]
2011-09-30 13:58:11 Warning: Warning (2): mysql_get_server_info() expects parameter 1 to be resource, boolean given in [/home/dor/Develop/Cake13/cake/libs/model/datasources/dbo/dbo_mysql.php, line 566]
2011-09-30 13:58:12 Warning: Warning (2): mysql_query() expects parameter 2 to be resource, boolean given in [/home/dor/Develop/Cake13/cake/libs/model/datasources/dbo/dbo_mysql.php, line 600]
2011-09-30 13:58:12 Warning: Warning (2): Cannot modify header information - headers already sent by (output started at /home/dor/Develop/Cake13/cake/libs/debugger.php:673) in [/home/dor/Develop/Cake13/cake/libs/controller/controller.php, line 746]
2011-09-30 13:58:14 Warning: Warning (2): mysql_connect() [http://php.net/function.mysql-connect]: Can't connect to local MySQL server through socket '/var/run/mysql/mysql.sock' (2) in [/home/dor/Develop/Cake13/cake/libs/model/datasources/dbo/dbo_mysql.php, line 552]
2011-09-30 13:58:14 Warning: Warning (2): mysql_select_db() expects parameter 2 to be resource, boolean given in [/home/dor/Develop/Cake13/cake/libs/model/datasources/dbo/dbo_mysql.php, line 558]
2011-09-30 13:58:14 Warning: Warning (2): mysql_get_server_info() expects parameter 1 to be resource, boolean given in [/home/dor/Develop/Cake13/cake/libs/model/datasources/dbo/dbo_mysql.php, line 566]
2011-09-30 13:58:14 Warning: Warning (2): mysql_query() expects parameter 2 to be resource, boolean given in [/home/dor/Develop/Cake13/cake/libs/model/datasources/dbo/dbo_mysql.php, line 600]
2011-09-30 13:58:14 Warning: Warning (2): Cannot modify header information - headers already sent by (output started at /home/dor/Develop/Cake13/cake/libs/debugger.php:673) in [/home/dor/Develop/Cake13/cake/libs/controller/controller.php, line 746]
2011-09-30 13:58:20 Warning: Warning (2): mysql_connect() [http://php.net/function.mysql-connect]: Can't connect to local MySQL server through socket '/var/run/mysql/mysql.sock' (2) in [/home/dor/Develop/Cake13/cake/libs/model/datasources/dbo/dbo_mysql.php, line 552]
2011-09-30 13:58:20 Warning: Warning (2): mysql_select_db() expects parameter 2 to be resource, boolean given in [/home/dor/Develop/Cake13/cake/libs/model/datasources/dbo/dbo_mysql.php, line 558]
2011-09-30 13:58:20 Warning: Warning (2): mysql_get_server_info() expects parameter 1 to be resource, boolean given in [/home/dor/Develop/Cake13/cake/libs/model/datasources/dbo/dbo_mysql.php, line 566]
2011-09-30 13:58:20 Warning: Warning (2): mysql_query() expects parameter 2 to be resource, boolean given in [/home/dor/Develop/Cake13/cake/libs/model/datasources/dbo/dbo_mysql.php, line 600]
2011-09-30 13:58:20 Warning: Warning (2): Cannot modify header information - headers already sent by (output started at /home/dor/Develop/Cake13/cake/libs/debugger.php:673) in [/home/dor/Develop/Cake13/cake/libs/controller/controller.php, line 746]
2011-09-30 13:58:27 Warning: Warning (2): mysql_connect() [http://php.net/function.mysql-connect]: Can't connect to local MySQL server through socket '/var/run/mysql/mysql.sock' (2) in [/home/dor/Develop/Cake13/cake/libs/model/datasources/dbo/dbo_mysql.php, line 552]
2011-09-30 13:58:27 Warning: Warning (2): mysql_select_db() expects parameter 2 to be resource, boolean given in [/home/dor/Develop/Cake13/cake/libs/model/datasources/dbo/dbo_mysql.php, line 558]
2011-09-30 13:58:27 Warning: Warning (2): mysql_get_server_info() expects parameter 1 to be resource, boolean given in [/home/dor/Develop/Cake13/cake/libs/model/datasources/dbo/dbo_mysql.php, line 566]
2011-09-30 13:58:27 Warning: Warning (2): mysql_query() expects parameter 2 to be resource, boolean given in [/home/dor/Develop/Cake13/cake/libs/model/datasources/dbo/dbo_mysql.php, line 600]
2011-09-30 13:58:27 Warning: Warning (2): Cannot modify header information - headers already sent by (output started at /home/dor/Develop/Cake13/cake/libs/debugger.php:673) in [/home/dor/Develop/Cake13/cake/libs/controller/controller.php, line 746]
2011-10-01 17:18:52 Warning: Warning (512): <span style="color:Red;text-align:left"><b>SQL Error:</b> 1054: Unknown column 'Equipment.identification' in 'where clause'</span> in [/home/diogo/Develop/Cake13/cake/libs/model/datasources/dbo_source.php, line 684]
2011-10-01 17:18:52 Warning: Warning (2): Invalid argument supplied for foreach() in [/home/diogo/Develop/Cake13/birthright/views/equipment/admin_index.ctp, line 19]
2011-10-01 17:18:52 Warning: Warning (512): <span style="color:Red;text-align:left"><b>SQL Error:</b> 1054: Unknown column 'Equipment.identification' in 'where clause'</span> in [/home/diogo/Develop/Cake13/cake/libs/model/datasources/dbo_source.php, line 684]
2011-10-01 17:18:52 Warning: Warning (2): Invalid argument supplied for foreach() in [/home/diogo/Develop/Cake13/birthright/views/equipment/admin_index.ctp, line 19]
2011-10-01 17:23:33 Warning: Warning (512): <span style="color:Red;text-align:left"><b>SQL Error:</b> 1054: Unknown column 'Equipment.identification' in 'where clause'</span> in [/home/diogo/Develop/Cake13/cake/libs/model/datasources/dbo_source.php, line 684]
2011-10-01 17:23:33 Warning: Warning (2): Invalid argument supplied for foreach() in [/home/diogo/Develop/Cake13/birthright/views/equipment/admin_index.ctp, line 19]
2011-10-01 17:24:14 Warning: Warning (512): <span style="color:Red;text-align:left"><b>SQL Error:</b> 1054: Unknown column 'Equipment.identification' in 'where clause'</span> in [/home/diogo/Develop/Cake13/cake/libs/model/datasources/dbo_source.php, line 684]
2011-10-01 17:24:14 Warning: Warning (2): Invalid argument supplied for foreach() in [/home/diogo/Develop/Cake13/birthright/views/equipment/admin_index.ctp, line 19]
2011-10-01 17:25:36 Warning: Warning (512): <span style="color:Red;text-align:left"><b>SQL Error:</b> 1054: Unknown column 'Equipment.identification' in 'where clause'</span> in [/home/diogo/Develop/Cake13/cake/libs/model/datasources/dbo_source.php, line 684]
2011-10-01 17:25:36 Warning: Warning (2): Invalid argument supplied for foreach() in [/home/diogo/Develop/Cake13/birthright/views/equipment/admin_index.ctp, line 19]
2011-10-01 17:37:37 Warning: Warning (512): <span style="color:Red;text-align:left"><b>SQL Error:</b> 1054: Unknown column 'Equipment.identification' in 'where clause'</span> in [/home/diogo/Develop/Cake13/cake/libs/model/datasources/dbo_source.php, line 684]
2011-10-01 17:37:37 Warning: Warning (2): Invalid argument supplied for foreach() in [/home/diogo/Develop/Cake13/birthright/views/equipment/admin_index.ctp, line 19]
2011-10-02 01:08:39 Warning: Warning (2): mysql_connect() [http://php.net/function.mysql-connect]: Can't connect to local MySQL server through socket '/var/run/mysql/mysql.sock' (2) in [/home/diogo/Develop/Cake13/cake/libs/model/datasources/dbo/dbo_mysql.php, line 552]
2011-10-02 01:08:39 Warning: Warning (2): mysql_select_db() expects parameter 2 to be resource, boolean given in [/home/diogo/Develop/Cake13/cake/libs/model/datasources/dbo/dbo_mysql.php, line 558]
2011-10-02 01:08:39 Warning: Warning (2): mysql_get_server_info() expects parameter 1 to be resource, boolean given in [/home/diogo/Develop/Cake13/cake/libs/model/datasources/dbo/dbo_mysql.php, line 566]
2011-10-02 01:08:39 Warning: Warning (2): mysql_query() expects parameter 2 to be resource, boolean given in [/home/diogo/Develop/Cake13/cake/libs/model/datasources/dbo/dbo_mysql.php, line 600]
2011-10-02 01:08:39 Warning: Warning (2): Cannot modify header information - headers already sent by (output started at /home/diogo/Develop/Cake13/cake/libs/debugger.php:673) in [/home/diogo/Develop/Cake13/cake/libs/controller/controller.php, line 746]
2011-10-02 01:13:34 Warning: Warning (512): <span style="color:Red;text-align:left"><b>SQL Error:</b> 1054: Unknown column 'Equipment.identification' in 'where clause'</span> in [/home/diogo/Develop/Cake13/cake/libs/model/datasources/dbo_source.php, line 684]
2011-10-02 01:13:34 Warning: Warning (2): Invalid argument supplied for foreach() in [/home/diogo/Develop/Cake13/birthright/views/equipment/admin_index.ctp, line 19]
2011-10-02 01:13:34 Warning: Warning (512): <span style="color:Red;text-align:left"><b>SQL Error:</b> 1054: Unknown column 'Equipment.identification' in 'where clause'</span> in [/home/diogo/Develop/Cake13/cake/libs/model/datasources/dbo_source.php, line 684]
2011-10-02 01:13:34 Warning: Warning (2): Invalid argument supplied for foreach() in [/home/diogo/Develop/Cake13/birthright/views/equipment/admin_index.ctp, line 19]
2011-10-02 01:14:57 Warning: Warning (512): <span style="color:Red;text-align:left"><b>SQL Error:</b> 1054: Unknown column 'Equipment.identification' in 'where clause'</span> in [/home/diogo/Develop/Cake13/cake/libs/model/datasources/dbo_source.php, line 684]
2011-10-02 01:14:57 Warning: Warning (2): Invalid argument supplied for foreach() in [/home/diogo/Develop/Cake13/birthright/views/equipment/admin_index.ctp, line 19]
2011-10-02 01:14:58 Warning: Warning (512): <span style="color:Red;text-align:left"><b>SQL Error:</b> 1054: Unknown column 'Equipment.identification' in 'where clause'</span> in [/home/diogo/Develop/Cake13/cake/libs/model/datasources/dbo_source.php, line 684]
2011-10-02 01:14:58 Warning: Warning (2): Invalid argument supplied for foreach() in [/home/diogo/Develop/Cake13/birthright/views/equipment/admin_index.ctp, line 19]
2011-10-02 10:09:02 Warning: Warning (2): mysql_connect() [http://php.net/function.mysql-connect]: Can't connect to local MySQL server through socket '/var/run/mysql/mysql.sock' (2) in [/home/diogo/Develop/Cake13/cake/libs/model/datasources/dbo/dbo_mysql.php, line 552]
2011-10-02 10:09:02 Warning: Warning (2): mysql_select_db() expects parameter 2 to be resource, boolean given in [/home/diogo/Develop/Cake13/cake/libs/model/datasources/dbo/dbo_mysql.php, line 558]
2011-10-02 10:09:02 Warning: Warning (2): mysql_get_server_info() expects parameter 1 to be resource, boolean given in [/home/diogo/Develop/Cake13/cake/libs/model/datasources/dbo/dbo_mysql.php, line 566]
2011-10-02 10:09:02 Warning: Warning (2): mysql_query() expects parameter 2 to be resource, boolean given in [/home/diogo/Develop/Cake13/cake/libs/model/datasources/dbo/dbo_mysql.php, line 600]
2011-10-02 10:09:02 Warning: Warning (2): Cannot modify header information - headers already sent by (output started at /home/diogo/Develop/Cake13/cake/libs/debugger.php:673) in [/home/diogo/Develop/Cake13/cake/libs/controller/controller.php, line 746]
2011-10-02 10:10:53 Warning: Warning (512): <span style="color:Red;text-align:left"><b>SQL Error:</b> 1054: Unknown column 'Equipment.identification' in 'where clause'</span> in [/home/diogo/Develop/Cake13/cake/libs/model/datasources/dbo_source.php, line 684]
2011-10-02 10:10:53 Warning: Warning (2): Invalid argument supplied for foreach() in [/home/diogo/Develop/Cake13/birthright/views/equipment/admin_index.ctp, line 19]
2011-10-02 10:10:53 Warning: Warning (512): <span style="color:Red;text-align:left"><b>SQL Error:</b> 1054: Unknown column 'Equipment.identification' in 'where clause'</span> in [/home/diogo/Develop/Cake13/cake/libs/model/datasources/dbo_source.php, line 684]
2011-10-02 10:10:54 Warning: Warning (2): Invalid argument supplied for foreach() in [/home/diogo/Develop/Cake13/birthright/views/equipment/admin_index.ctp, line 19]
2011-10-02 19:30:58 Warning: Warning (512): <span style="color:Red;text-align:left"><b>SQL Error:</b> 1062: Duplicate entry '0' for key 'PRIMARY'</span> in [/home/diogo/Develop/Cake13/cake/libs/model/datasources/dbo_source.php, line 684]
2011-10-05 17:21:04 Warning: Warning (2): mysql_connect() [http://php.net/function.mysql-connect]: Can't connect to local MySQL server through socket '/var/run/mysql/mysql.sock' (2) in [/home/diogo/Develop/Cake13/cake/libs/model/datasources/dbo/dbo_mysql.php, line 552]
2011-10-05 17:21:04 Warning: Warning (2): mysql_select_db() expects parameter 2 to be resource, boolean given in [/home/diogo/Develop/Cake13/cake/libs/model/datasources/dbo/dbo_mysql.php, line 558]
2011-10-05 17:21:04 Warning: Warning (2): mysql_get_server_info() expects parameter 1 to be resource, boolean given in [/home/diogo/Develop/Cake13/cake/libs/model/datasources/dbo/dbo_mysql.php, line 566]
2011-10-05 17:21:04 Warning: Warning (2): mysql_query() expects parameter 2 to be resource, boolean given in [/home/diogo/Develop/Cake13/cake/libs/model/datasources/dbo/dbo_mysql.php, line 600]
2011-10-05 17:21:04 Warning: Warning (2): Cannot modify header information - headers already sent by (output started at /home/diogo/Develop/Cake13/cake/libs/debugger.php:673) in [/home/diogo/Develop/Cake13/cake/libs/controller/controller.php, line 746]
2011-10-05 17:21:04 Warning: Warning (2): mysql_connect() [http://php.net/function.mysql-connect]: Can't connect to local MySQL server through socket '/var/run/mysql/mysql.sock' (2) in [/home/diogo/Develop/Cake13/cake/libs/model/datasources/dbo/dbo_mysql.php, line 552]
2011-10-05 17:21:04 Warning: Warning (2): mysql_select_db() expects parameter 2 to be resource, boolean given in [/home/diogo/Develop/Cake13/cake/libs/model/datasources/dbo/dbo_mysql.php, line 558]
2011-10-05 17:21:04 Warning: Warning (2): mysql_get_server_info() expects parameter 1 to be resource, boolean given in [/home/diogo/Develop/Cake13/cake/libs/model/datasources/dbo/dbo_mysql.php, line 566]
2011-10-05 17:21:04 Warning: Warning (2): mysql_query() expects parameter 2 to be resource, boolean given in [/home/diogo/Develop/Cake13/cake/libs/model/datasources/dbo/dbo_mysql.php, line 600]
2011-10-05 17:21:04 Warning: Warning (2): Cannot modify header information - headers already sent by (output started at /home/diogo/Develop/Cake13/cake/libs/debugger.php:673) in [/home/diogo/Develop/Cake13/cake/libs/controller/controller.php, line 746]
2011-10-13 11:43:18 Warning: Warning (2): mysql_connect() [http://php.net/function.mysql-connect]: Can't connect to local MySQL server through socket '/var/run/mysql/mysql.sock' (2) in [/home/diogo/Develop/Cake13/cake/libs/model/datasources/dbo/dbo_mysql.php, line 552]
2011-10-13 11:43:18 Warning: Warning (2): mysql_select_db() expects parameter 2 to be resource, boolean given in [/home/diogo/Develop/Cake13/cake/libs/model/datasources/dbo/dbo_mysql.php, line 558]
2011-10-13 11:43:18 Warning: Warning (2): mysql_get_server_info() expects parameter 1 to be resource, boolean given in [/home/diogo/Develop/Cake13/cake/libs/model/datasources/dbo/dbo_mysql.php, line 566]
2011-10-13 11:43:18 Warning: Warning (2): mysql_query() expects parameter 2 to be resource, boolean given in [/home/diogo/Develop/Cake13/cake/libs/model/datasources/dbo/dbo_mysql.php, line 600]
2011-10-13 11:43:18 Warning: Warning (2): Cannot modify header information - headers already sent by (output started at /home/diogo/Develop/Cake13/cake/libs/debugger.php:673) in [/home/diogo/Develop/Cake13/cake/libs/controller/controller.php, line 746]
2011-10-13 11:43:18 Warning: Warning (2): mysql_connect() [http://php.net/function.mysql-connect]: Can't connect to local MySQL server through socket '/var/run/mysql/mysql.sock' (2) in [/home/diogo/Develop/Cake13/cake/libs/model/datasources/dbo/dbo_mysql.php, line 552]
2011-10-13 11:43:18 Warning: Warning (2): mysql_select_db() expects parameter 2 to be resource, boolean given in [/home/diogo/Develop/Cake13/cake/libs/model/datasources/dbo/dbo_mysql.php, line 558]
2011-10-13 11:43:18 Warning: Warning (2): mysql_get_server_info() expects parameter 1 to be resource, boolean given in [/home/diogo/Develop/Cake13/cake/libs/model/datasources/dbo/dbo_mysql.php, line 566]
2011-10-13 11:43:18 Warning: Warning (2): mysql_query() expects parameter 2 to be resource, boolean given in [/home/diogo/Develop/Cake13/cake/libs/model/datasources/dbo/dbo_mysql.php, line 600]
2011-10-13 11:43:18 Warning: Warning (2): Cannot modify header information - headers already sent by (output started at /home/diogo/Develop/Cake13/cake/libs/debugger.php:673) in [/home/diogo/Develop/Cake13/cake/libs/controller/controller.php, line 746]
2011-10-13 16:19:29 Warning: Warning (2): mysql_connect() [http://php.net/function.mysql-connect]: Can't connect to local MySQL server through socket '/var/run/mysql/mysql.sock' (2) in [/home/diogo/Develop/Cake13/cake/libs/model/datasources/dbo/dbo_mysql.php, line 552]
2011-10-13 16:19:29 Warning: Warning (2): mysql_select_db() expects parameter 2 to be resource, boolean given in [/home/diogo/Develop/Cake13/cake/libs/model/datasources/dbo/dbo_mysql.php, line 558]
2011-10-13 16:19:29 Warning: Warning (2): mysql_get_server_info() expects parameter 1 to be resource, boolean given in [/home/diogo/Develop/Cake13/cake/libs/model/datasources/dbo/dbo_mysql.php, line 566]
2011-10-13 16:19:29 Warning: Warning (2): mysql_query() expects parameter 2 to be resource, boolean given in [/home/diogo/Develop/Cake13/cake/libs/model/datasources/dbo/dbo_mysql.php, line 600]
2011-10-13 16:19:29 Warning: Warning (2): Cannot modify header information - headers already sent by (output started at /home/diogo/Develop/Cake13/cake/libs/debugger.php:673) in [/home/diogo/Develop/Cake13/cake/libs/controller/controller.php, line 746]
2011-10-13 16:19:30 Warning: Warning (2): mysql_connect() [http://php.net/function.mysql-connect]: Can't connect to local MySQL server through socket '/var/run/mysql/mysql.sock' (2) in [/home/diogo/Develop/Cake13/cake/libs/model/datasources/dbo/dbo_mysql.php, line 552]
2011-10-13 16:19:30 Warning: Warning (2): mysql_select_db() expects parameter 2 to be resource, boolean given in [/home/diogo/Develop/Cake13/cake/libs/model/datasources/dbo/dbo_mysql.php, line 558]
2011-10-13 16:19:30 Warning: Warning (2): mysql_get_server_info() expects parameter 1 to be resource, boolean given in [/home/diogo/Develop/Cake13/cake/libs/model/datasources/dbo/dbo_mysql.php, line 566]
2011-10-13 16:19:30 Warning: Warning (2): mysql_query() expects parameter 2 to be resource, boolean given in [/home/diogo/Develop/Cake13/cake/libs/model/datasources/dbo/dbo_mysql.php, line 600]
2011-10-13 16:19:30 Warning: Warning (2): Cannot modify header information - headers already sent by (output started at /home/diogo/Develop/Cake13/cake/libs/debugger.php:673) in [/home/diogo/Develop/Cake13/cake/libs/controller/controller.php, line 746]
2011-10-13 21:23:06 Warning: Warning (2): end() expects parameter 1 to be array, null given in [/home/diogo/Develop/Cake13/birthright/plugins/debug_kit/views/elements/timer_panel.ctp, line 60]
2011-10-13 21:23:06 Warning: Warning (2): array_values() expects parameter 1 to be array, null given in [/home/diogo/Develop/Cake13/birthright/plugins/debug_kit/views/elements/timer_panel.ctp, line 70]
2011-10-13 21:23:06 Warning: Warning (2): Invalid argument supplied for foreach() in [/home/diogo/Develop/Cake13/birthright/plugins/debug_kit/views/elements/timer_panel.ctp, line 72]
2011-10-13 21:23:09 Warning: Warning (2): end() expects parameter 1 to be array, null given in [/home/diogo/Develop/Cake13/birthright/plugins/debug_kit/views/elements/timer_panel.ctp, line 60]
2011-10-13 21:23:09 Warning: Warning (2): array_values() expects parameter 1 to be array, null given in [/home/diogo/Develop/Cake13/birthright/plugins/debug_kit/views/elements/timer_panel.ctp, line 70]
2011-10-13 21:23:09 Warning: Warning (2): Invalid argument supplied for foreach() in [/home/diogo/Develop/Cake13/birthright/plugins/debug_kit/views/elements/timer_panel.ctp, line 72]
2011-10-26 21:21:58 Warning: Warning (512): <span style="color:Red;text-align:left"><b>SQL Error:</b> 1054: Unknown column 'Sections.name' in 'where clause'</span> in [/home/diogo/Develop/Cake13/cake/libs/model/datasources/dbo_source.php, line 684]
2011-10-26 21:21:58 Warning: Warning (2): Invalid argument supplied for foreach() in [/home/diogo/Develop/Cake13/birthright/views/sections/admin_index.ctp, line 13]
2011-10-26 21:21:59 Warning: Warning (512): <span style="color:Red;text-align:left"><b>SQL Error:</b> 1054: Unknown column 'Sections.name' in 'where clause'</span> in [/home/diogo/Develop/Cake13/cake/libs/model/datasources/dbo_source.php, line 684]
2011-10-26 21:21:59 Warning: Warning (2): Invalid argument supplied for foreach() in [/home/diogo/Develop/Cake13/birthright/views/sections/admin_index.ctp, line 13]
2011-10-26 21:26:57 Warning: Warning (2): end() expects parameter 1 to be array, null given in [/home/diogo/Develop/Cake13/birthright/plugins/debug_kit/views/elements/timer_panel.ctp, line 60]
2011-10-26 21:26:57 Warning: Warning (2): array_values() expects parameter 1 to be array, null given in [/home/diogo/Develop/Cake13/birthright/plugins/debug_kit/views/elements/timer_panel.ctp, line 70]
2011-10-26 21:26:57 Warning: Warning (2): Invalid argument supplied for foreach() in [/home/diogo/Develop/Cake13/birthright/plugins/debug_kit/views/elements/timer_panel.ctp, line 72]
2011-10-26 21:26:59 Warning: Warning (2): end() expects parameter 1 to be array, null given in [/home/diogo/Develop/Cake13/birthright/plugins/debug_kit/views/elements/timer_panel.ctp, line 60]
2011-10-26 21:27:00 Warning: Warning (2): array_values() expects parameter 1 to be array, null given in [/home/diogo/Develop/Cake13/birthright/plugins/debug_kit/views/elements/timer_panel.ctp, line 70]
2011-10-26 21:27:00 Warning: Warning (2): Invalid argument supplied for foreach() in [/home/diogo/Develop/Cake13/birthright/plugins/debug_kit/views/elements/timer_panel.ctp, line 72]
2011-10-26 21:27:01 Warning: Warning (2): end() expects parameter 1 to be array, null given in [/home/diogo/Develop/Cake13/birthright/plugins/debug_kit/views/elements/timer_panel.ctp, line 60]
2011-10-26 21:27:01 Warning: Warning (2): array_values() expects parameter 1 to be array, null given in [/home/diogo/Develop/Cake13/birthright/plugins/debug_kit/views/elements/timer_panel.ctp, line 70]
2011-10-26 21:27:01 Warning: Warning (2): Invalid argument supplied for foreach() in [/home/diogo/Develop/Cake13/birthright/plugins/debug_kit/views/elements/timer_panel.ctp, line 72]
2011-10-26 21:27:02 Warning: Warning (2): end() expects parameter 1 to be array, null given in [/home/diogo/Develop/Cake13/birthright/plugins/debug_kit/views/elements/timer_panel.ctp, line 60]
2011-10-26 21:27:02 Warning: Warning (2): array_values() expects parameter 1 to be array, null given in [/home/diogo/Develop/Cake13/birthright/plugins/debug_kit/views/elements/timer_panel.ctp, line 70]
2011-10-26 21:27:02 Warning: Warning (2): Invalid argument supplied for foreach() in [/home/diogo/Develop/Cake13/birthright/plugins/debug_kit/views/elements/timer_panel.ctp, line 72]
2011-10-26 22:54:23 Warning: Warning (512): <span style="color:Red;text-align:left"><b>SQL Error:</b> 1064: You have an error in your SQL syntax; check the manual that corresponds to your MySQL server version for the right syntax to use near 'paginate' at line 1</span> in [/home/diogo/Develop/Cake13/cake/libs/model/datasources/dbo_source.php, line 684]
2011-10-26 22:55:15 Warning: Warning (512): <span style="color:Red;text-align:left"><b>SQL Error:</b> 1064: You have an error in your SQL syntax; check the manual that corresponds to your MySQL server version for the right syntax to use near 'paginate' at line 1</span> in [/home/diogo/Develop/Cake13/cake/libs/model/datasources/dbo_source.php, line 684]
2011-10-29 17:30:36 Warning: Warning (512): <span style="color:Red;text-align:left"><b>SQL Error:</b> 1054: Unknown column 'Patrimonies.orderNum' in 'where clause'</span> in [/home/diogo/Develop/Cake13/cake/libs/model/datasources/dbo_source.php, line 684]
2011-10-29 17:30:36 Warning: Warning (2): Invalid argument supplied for foreach() in [/home/diogo/Develop/Cake13/birthright/views/patrimonies/admin_index.ctp, line 18]
2011-10-29 17:30:36 Warning: Warning (512): <span style="color:Red;text-align:left"><b>SQL Error:</b> 1054: Unknown column 'Patrimonies.orderNum' in 'where clause'</span> in [/home/diogo/Develop/Cake13/cake/libs/model/datasources/dbo_source.php, line 684]
2011-10-29 17:30:36 Warning: Warning (2): Invalid argument supplied for foreach() in [/home/diogo/Develop/Cake13/birthright/views/patrimonies/admin_index.ctp, line 18]
2011-10-29 17:49:35 Warning: Warning (2): Illegal offset type in isset or empty in [/home/diogo/Develop/Cake13/birthright/plugins/r_search/controllers/components/pagination_filter.php, line 142]
2011-10-29 17:49:35 Warning: Warning (2): Illegal offset type in isset or empty in [/home/diogo/Develop/Cake13/birthright/plugins/r_search/controllers/components/pagination_filter.php, line 147]
2011-10-29 17:49:46 Warning: Warning (2): Illegal offset type in isset or empty in [/home/diogo/Develop/Cake13/birthright/plugins/r_search/controllers/components/pagination_filter.php, line 142]
2011-10-29 17:49:46 Warning: Warning (2): Illegal offset type in isset or empty in [/home/diogo/Develop/Cake13/birthright/plugins/r_search/controllers/components/pagination_filter.php, line 147]
2011-10-29 17:49:55 Warning: Warning (2): Illegal offset type in isset or empty in [/home/diogo/Develop/Cake13/birthright/plugins/r_search/controllers/components/pagination_filter.php, line 142]
2011-10-29 17:49:55 Warning: Warning (2): Illegal offset type in isset or empty in [/home/diogo/Develop/Cake13/birthright/plugins/r_search/controllers/components/pagination_filter.php, line 147]
2011-10-29 17:49:56 Warning: Warning (2): Illegal offset type in isset or empty in [/home/diogo/Develop/Cake13/birthright/plugins/r_search/controllers/components/pagination_filter.php, line 142]
2011-10-29 17:49:56 Warning: Warning (2): Illegal offset type in isset or empty in [/home/diogo/Develop/Cake13/birthright/plugins/r_search/controllers/components/pagination_filter.php, line 147]
2011-10-30 08:58:37 Warning: Warning (2): mysql_connect() [http://php.net/function.mysql-connect]: Can't connect to local MySQL server through socket '/var/run/mysql/mysql.sock' (2) in [/home/diogo/Develop/Cake13/cake/libs/model/datasources/dbo/dbo_mysql.php, line 552]
2011-10-30 08:58:37 Warning: Warning (2): mysql_select_db() expects parameter 2 to be resource, boolean given in [/home/diogo/Develop/Cake13/cake/libs/model/datasources/dbo/dbo_mysql.php, line 558]
2011-10-30 08:58:37 Warning: Warning (2): mysql_get_server_info() expects parameter 1 to be resource, boolean given in [/home/diogo/Develop/Cake13/cake/libs/model/datasources/dbo/dbo_mysql.php, line 566]
2011-10-30 08:58:37 Warning: Warning (2): mysql_query() expects parameter 2 to be resource, boolean given in [/home/diogo/Develop/Cake13/cake/libs/model/datasources/dbo/dbo_mysql.php, line 600]
2011-10-30 08:58:37 Warning: Warning (2): Cannot modify header information - headers already sent by (output started at /home/diogo/Develop/Cake13/cake/libs/debugger.php:673) in [/home/diogo/Develop/Cake13/cake/libs/controller/controller.php, line 746]
2011-10-30 08:58:37 Warning: Warning (2): mysql_connect() [http://php.net/function.mysql-connect]: Can't connect to local MySQL server through socket '/var/run/mysql/mysql.sock' (2) in [/home/diogo/Develop/Cake13/cake/libs/model/datasources/dbo/dbo_mysql.php, line 552]
2011-10-30 08:58:37 Warning: Warning (2): mysql_select_db() expects parameter 2 to be resource, boolean given in [/home/diogo/Develop/Cake13/cake/libs/model/datasources/dbo/dbo_mysql.php, line 558]
2011-10-30 08:58:37 Warning: Warning (2): mysql_get_server_info() expects parameter 1 to be resource, boolean given in [/home/diogo/Develop/Cake13/cake/libs/model/datasources/dbo/dbo_mysql.php, line 566]
2011-10-30 08:58:37 Warning: Warning (2): mysql_query() expects parameter 2 to be resource, boolean given in [/home/diogo/Develop/Cake13/cake/libs/model/datasources/dbo/dbo_mysql.php, line 600]
2011-10-30 08:58:37 Warning: Warning (2): Cannot modify header information - headers already sent by (output started at /home/diogo/Develop/Cake13/cake/libs/debugger.php:673) in [/home/diogo/Develop/Cake13/cake/libs/controller/controller.php, line 746]
2011-10-30 16:50:43 Warning: Warning (2): mysql_connect() [http://php.net/function.mysql-connect]: Can't connect to local MySQL server through socket '/var/run/mysql/mysql.sock' (2) in [/home/diogo/Develop/Cake13/cake/libs/model/datasources/dbo/dbo_mysql.php, line 552]
2011-10-30 16:50:43 Warning: Warning (2): mysql_select_db() expects parameter 2 to be resource, boolean given in [/home/diogo/Develop/Cake13/cake/libs/model/datasources/dbo/dbo_mysql.php, line 558]
2011-10-30 16:50:43 Warning: Warning (2): mysql_get_server_info() expects parameter 1 to be resource, boolean given in [/home/diogo/Develop/Cake13/cake/libs/model/datasources/dbo/dbo_mysql.php, line 566]
2011-10-30 16:50:43 Warning: Warning (2): mysql_query() expects parameter 2 to be resource, boolean given in [/home/diogo/Develop/Cake13/cake/libs/model/datasources/dbo/dbo_mysql.php, line 600]
2011-10-30 16:50:43 Warning: Warning (2): Cannot modify header information - headers already sent by (output started at /home/diogo/Develop/Cake13/cake/libs/debugger.php:673) in [/home/diogo/Develop/Cake13/cake/libs/controller/controller.php, line 746]
2011-10-30 21:47:29 Warning: Warning (2): mysql_connect() [http://php.net/function.mysql-connect]: Can't connect to local MySQL server through socket '/var/run/mysql/mysql.sock' (2) in [/home/diogo/Develop/Cake13/cake/libs/model/datasources/dbo/dbo_mysql.php, line 552]
2011-10-30 21:47:29 Warning: Warning (2): mysql_select_db() expects parameter 2 to be resource, boolean given in [/home/diogo/Develop/Cake13/cake/libs/model/datasources/dbo/dbo_mysql.php, line 558]
2011-10-30 21:47:29 Warning: Warning (2): mysql_get_server_info() expects parameter 1 to be resource, boolean given in [/home/diogo/Develop/Cake13/cake/libs/model/datasources/dbo/dbo_mysql.php, line 566]
2011-10-30 21:47:29 Warning: Warning (2): mysql_query() expects parameter 2 to be resource, boolean given in [/home/diogo/Develop/Cake13/cake/libs/model/datasources/dbo/dbo_mysql.php, line 600]
2011-10-30 21:47:29 Warning: Warning (2): Cannot modify header information - headers already sent by (output started at /home/diogo/Develop/Cake13/cake/libs/debugger.php:673) in [/home/diogo/Develop/Cake13/cake/libs/controller/controller.php, line 746]
2011-10-30 22:28:12 Warning: Warning (2): array_merge() [http://php.net/function.array-merge]: Argument #1 is not an array in [/home/diogo/Develop/Cake13/birthright/views/equipment/admin_view.ctp, line 115]
2011-10-30 22:29:31 Warning: Warning (2): array_merge() [http://php.net/function.array-merge]: Argument #1 is not an array in [/home/diogo/Develop/Cake13/birthright/views/equipment/admin_view.ctp, line 115]
2011-10-30 22:29:42 Warning: Warning (2): array_merge() [http://php.net/function.array-merge]: Argument #1 is not an array in [/home/diogo/Develop/Cake13/birthright/views/equipment/admin_view.ctp, line 115]
2011-10-30 22:35:22 Warning: Warning (2): array_merge() [http://php.net/function.array-merge]: Argument #1 is not an array in [/home/diogo/Develop/Cake13/birthright/views/equipment/admin_view.ctp, line 115]
2011-10-30 22:36:36 Warning: Warning (2): array_merge() [http://php.net/function.array-merge]: Argument #1 is not an array in [/home/diogo/Develop/Cake13/birthright/views/equipment/admin_view.ctp, line 115]
2011-10-30 22:37:03 Warning: Warning (2): array_merge() [http://php.net/function.array-merge]: Argument #1 is not an array in [/home/diogo/Develop/Cake13/birthright/views/equipment/admin_view.ctp, line 115]
2011-10-31 12:28:13 Warning: Warning (512): <span style="color:Red;text-align:left"><b>SQL Error:</b> 1054: Unknown column 'Equipment.section_id' in 'field list'</span> in [/home/dor/Develop/Cake13/cake/libs/model/datasources/dbo_source.php, line 684]
2011-10-31 12:28:13 Warning: Warning (2): Invalid argument supplied for foreach() in [/home/dor/Develop/Cake13/cake/libs/model/datasources/dbo_source.php, line 1098]
2011-10-31 12:28:14 Warning: Warning (512): <span style="color:Red;text-align:left"><b>SQL Error:</b> 1054: Unknown column 'Equipment.section_id' in 'field list'</span> in [/home/dor/Develop/Cake13/cake/libs/model/datasources/dbo_source.php, line 684]
2011-10-31 12:28:14 Warning: Warning (2): Invalid argument supplied for foreach() in [/home/dor/Develop/Cake13/cake/libs/model/datasources/dbo_source.php, line 1098]
2011-10-31 12:31:01 Warning: Warning (512): <span style="color:Red;text-align:left"><b>SQL Error:</b> 1054: Unknown column 'Equipment.section_id' in 'field list'</span> in [/home/dor/Develop/Cake13/cake/libs/model/datasources/dbo_source.php, line 684]
2011-10-31 12:31:01 Warning: Warning (2): Invalid argument supplied for foreach() in [/home/dor/Develop/Cake13/cake/libs/model/datasources/dbo_source.php, line 1098]
2011-10-31 12:31:46 Warning: Warning (512): <span style="color:Red;text-align:left"><b>SQL Error:</b> 1054: Unknown column 'Equipment.section_id' in 'field list'</span> in [/home/dor/Develop/Cake13/cake/libs/model/datasources/dbo_source.php, line 684]
2011-10-31 12:31:46 Warning: Warning (2): Invalid argument supplied for foreach() in [/home/dor/Develop/Cake13/cake/libs/model/datasources/dbo_source.php, line 1098]
2011-10-31 12:31:48 Warning: Warning (512): <span style="color:Red;text-align:left"><b>SQL Error:</b> 1054: Unknown column 'Equipment.section_id' in 'field list'</span> in [/home/dor/Develop/Cake13/cake/libs/model/datasources/dbo_source.php, line 684]
2011-10-31 12:31:48 Warning: Warning (2): Invalid argument supplied for foreach() in [/home/dor/Develop/Cake13/cake/libs/model/datasources/dbo_source.php, line 1098]
2011-10-31 12:52:39 Warning: Warning (512): <span style="color:Red;text-align:left"><b>SQL Error:</b> 1054: Unknown column 'Equipment.section_id' in 'field list'</span> in [/home/dor/Develop/Cake13/cake/libs/model/datasources/dbo_source.php, line 684]
2011-10-31 12:52:39 Warning: Warning (2): Invalid argument supplied for foreach() in [/home/dor/Develop/Cake13/cake/libs/model/datasources/dbo_source.php, line 1098]
2011-10-31 12:52:41 Warning: Warning (512): <span style="color:Red;text-align:left"><b>SQL Error:</b> 1054: Unknown column 'Equipment.section_id' in 'field list'</span> in [/home/dor/Develop/Cake13/cake/libs/model/datasources/dbo_source.php, line 684]
2011-10-31 12:52:41 Warning: Warning (2): Invalid argument supplied for foreach() in [/home/dor/Develop/Cake13/cake/libs/model/datasources/dbo_source.php, line 1098]
2011-10-31 12:59:22 Warning: Warning (512): <span style="color:Red;text-align:left"><b>SQL Error:</b> 1054: Unknown column 'Equipment.section_id' in 'field list'</span> in [/home/dor/Develop/Cake13/cake/libs/model/datasources/dbo_source.php, line 684]
2011-10-31 12:59:22 Warning: Warning (2): Invalid argument supplied for foreach() in [/home/dor/Develop/Cake13/cake/libs/model/datasources/dbo_source.php, line 1098]
2011-11-02 23:13:39 Warning: Warning (512): <span style="color:Red;text-align:left"><b>SQL Error:</b> 1054: Unknown column 'Equipmentuiu.includeRegister' in 'where clause'</span> in [/home/diogo/Develop/Cake13/cake/libs/model/datasources/dbo_source.php, line 684]
2011-11-02 23:13:39 Warning: Warning (2): Invalid argument supplied for foreach() in [/home/diogo/Develop/Cake13/birthright/views/equipment/admin_index.ctp, line 16]
2011-11-02 23:23:10 Warning: Warning (512): Não foi possível converter a data NULL no Behavior Locale in [/home/diogo/Develop/Cake13/birthright/plugins/locale/models/behaviors/locale.php, line 279]
2011-11-02 23:24:41 Warning: Warning (512): <span style="color:Red;text-align:left"><b>SQL Error:</b> 1064: You have an error in your SQL syntax; check the manual that corresponds to your MySQL server version for the right syntax to use near '= NULL' at line 1</span> in [/home/diogo/Develop/Cake13/cake/libs/model/datasources/dbo_source.php, line 684]
2011-11-02 23:24:41 Warning: Warning (512): <span style="color:Red;text-align:left"><b>SQL Error:</b> 1064: You have an error in your SQL syntax; check the manual that corresponds to your MySQL server version for the right syntax to use near '= NULL    LIMIT 10' at line 1</span> in [/home/diogo/Develop/Cake13/cake/libs/model/datasources/dbo_source.php, line 684]
2011-11-02 23:24:41 Warning: Warning (2): Invalid argument supplied for foreach() in [/home/diogo/Develop/Cake13/birthright/views/equipment/admin_index.ctp, line 16]
2011-11-02 23:26:58 Warning: Warning (512): <span style="color:Red;text-align:left"><b>SQL Error:</b> 1064: You have an error in your SQL syntax; check the manual that corresponds to your MySQL server version for the right syntax to use near '= NULL' at line 1</span> in [/home/diogo/Develop/Cake13/cake/libs/model/datasources/dbo_source.php, line 684]
2011-11-02 23:26:58 Warning: Warning (512): <span style="color:Red;text-align:left"><b>SQL Error:</b> 1064: You have an error in your SQL syntax; check the manual that corresponds to your MySQL server version for the right syntax to use near '= NULL    LIMIT 10' at line 1</span> in [/home/diogo/Develop/Cake13/cake/libs/model/datasources/dbo_source.php, line 684]
2011-11-02 23:26:58 Warning: Warning (2): Invalid argument supplied for foreach() in [/home/diogo/Develop/Cake13/birthright/views/equipment/admin_index.ctp, line 16]
2011-11-02 23:33:38 Warning: Warning (512): <span style="color:Red;text-align:left"><b>SQL Error:</b> 1064: You have an error in your SQL syntax; check the manual that corresponds to your MySQL server version for the right syntax to use near '= NULL' at line 1</span> in [/home/diogo/Develop/Cake13/cake/libs/model/datasources/dbo_source.php, line 684]
2011-11-02 23:33:38 Warning: Warning (512): <span style="color:Red;text-align:left"><b>SQL Error:</b> 1064: You have an error in your SQL syntax; check the manual that corresponds to your MySQL server version for the right syntax to use near '= NULL    LIMIT 10' at line 1</span> in [/home/diogo/Develop/Cake13/cake/libs/model/datasources/dbo_source.php, line 684]
2011-11-02 23:33:38 Warning: Warning (2): Invalid argument supplied for foreach() in [/home/diogo/Develop/Cake13/birthright/views/equipment/admin_index.ctp, line 16]
2011-11-03 22:02:14 Warning: Warning (512): <span style="color:Red;text-align:left"><b>SQL Error:</b> 1062: Duplicate entry '5' for key 'measure_id_UNIQUE'</span> in [/home/diogo/Develop/Cake13/cake/libs/model/datasources/dbo_source.php, line 684]
2011-11-03 22:42:24 Warning: Warning (512): <span style="color:Red;text-align:left"><b>SQL Error:</b> 1054: Unknown column 'order' in 'where clause'</span> in [/home/diogo/Develop/Cake13/cake/libs/model/datasources/dbo_source.php, line 684]
2011-11-03 22:42:24 Warning: Warning (2): Invalid argument supplied for foreach() in [/home/diogo/Develop/Cake13/birthright/views/patrimonies/admin_index.ctp, line 20]
2011-11-03 22:42:39 Warning: Warning (512): <span style="color:Red;text-align:left"><b>SQL Error:</b> 1054: Unknown column 'Order' in 'where clause'</span> in [/home/diogo/Develop/Cake13/cake/libs/model/datasources/dbo_source.php, line 684]
2011-11-03 22:42:39 Warning: Warning (2): Invalid argument supplied for foreach() in [/home/diogo/Develop/Cake13/birthright/views/patrimonies/admin_index.ctp, line 20]
2011-11-05 16:28:38 Warning: Warning (2): mysql_connect() [http://php.net/function.mysql-connect]: Can't connect to local MySQL server through socket '/var/run/mysql/mysql.sock' (2) in [/home/diogo/Develop/Cake13/cake/libs/model/datasources/dbo/dbo_mysql.php, line 552]
2011-11-05 16:28:38 Warning: Warning (2): mysql_select_db() expects parameter 2 to be resource, boolean given in [/home/diogo/Develop/Cake13/cake/libs/model/datasources/dbo/dbo_mysql.php, line 558]
2011-11-05 16:28:38 Warning: Warning (2): mysql_get_server_info() expects parameter 1 to be resource, boolean given in [/home/diogo/Develop/Cake13/cake/libs/model/datasources/dbo/dbo_mysql.php, line 566]
2011-11-05 16:28:38 Warning: Warning (2): mysql_query() expects parameter 2 to be resource, boolean given in [/home/diogo/Develop/Cake13/cake/libs/model/datasources/dbo/dbo_mysql.php, line 600]
2011-11-05 16:28:38 Warning: Warning (2): Cannot modify header information - headers already sent by (output started at /home/diogo/Develop/Cake13/cake/libs/debugger.php:673) in [/home/diogo/Develop/Cake13/cake/libs/controller/controller.php, line 746]
2011-11-05 17:23:47 Warning: Warning (512): <span style="color:Red;text-align:left"><b>SQL Error:</b> 1054: Unknown column 'fields' in 'where clause'</span> in [/home/diogo/Develop/Cake13/cake/libs/model/datasources/dbo_source.php, line 684]
2011-11-05 17:23:47 Warning: Warning (2): Invalid argument supplied for foreach() in [/home/diogo/Develop/Cake13/birthright/controllers/equipment_controller.php, line 105]
2011-11-05 17:23:57 Warning: Warning (512): <span style="color:Red;text-align:left"><b>SQL Error:</b> 1054: Unknown column 'field' in 'where clause'</span> in [/home/diogo/Develop/Cake13/cake/libs/model/datasources/dbo_source.php, line 684]
2011-11-05 17:23:57 Warning: Warning (2): Invalid argument supplied for foreach() in [/home/diogo/Develop/Cake13/birthright/controllers/equipment_controller.php, line 105]
2011-11-05 17:24:52 Warning: Warning (512): <span style="color:Red;text-align:left"><b>SQL Error:</b> 1054: Unknown column 'fields' in 'where clause'</span> in [/home/diogo/Develop/Cake13/cake/libs/model/datasources/dbo_source.php, line 684]
2011-11-05 17:24:52 Warning: Warning (2): Invalid argument supplied for foreach() in [/home/diogo/Develop/Cake13/birthright/controllers/equipment_controller.php, line 105]
2011-11-05 17:25:08 Warning: Warning (512): <span style="color:Red;text-align:left"><b>SQL Error:</b> 1054: Unknown column 'field' in 'where clause'</span> in [/home/diogo/Develop/Cake13/cake/libs/model/datasources/dbo_source.php, line 684]
2011-11-05 17:25:35 Warning: Warning (512): <span style="color:Red;text-align:left"><b>SQL Error:</b> 1054: Unknown column 'field' in 'where clause'</span> in [/home/diogo/Develop/Cake13/cake/libs/model/datasources/dbo_source.php, line 684]
2011-11-05 17:26:05 Warning: Warning (512): <span style="color:Red;text-align:left"><b>SQL Error:</b> 1054: Unknown column 'field' in 'where clause'</span> in [/home/diogo/Develop/Cake13/cake/libs/model/datasources/dbo_source.php, line 684]
2011-11-05 17:26:30 Warning: Warning (512): <span style="color:Red;text-align:left"><b>SQL Error:</b> 1054: Unknown column 'field' in 'where clause'</span> in [/home/diogo/Develop/Cake13/cake/libs/model/datasources/dbo_source.php, line 684]
2011-11-05 18:04:10 Warning: Warning (512): <span style="color:Red;text-align:left"><b>SQL Error:</b> 1054: Unknown column 'field' in 'where clause'</span> in [/home/diogo/Develop/Cake13/cake/libs/model/datasources/dbo_source.php, line 684]
2011-11-05 18:05:21 Warning: Warning (512): <span style="color:Red;text-align:left"><b>SQL Error:</b> 1054: Unknown column 'fields' in 'where clause'</span> in [/home/diogo/Develop/Cake13/cake/libs/model/datasources/dbo_source.php, line 684]
2011-11-05 18:06:11 Warning: Warning (512): <span style="color:Red;text-align:left"><b>SQL Error:</b> 1054: Unknown column 'fields' in 'where clause'</span> in [/home/diogo/Develop/Cake13/cake/libs/model/datasources/dbo_source.php, line 684]
2011-11-05 18:09:58 Warning: Warning (512): <span style="color:Red;text-align:left"><b>SQL Error:</b> 1054: Unknown column 'fields' in 'where clause'</span> in [/home/diogo/Develop/Cake13/cake/libs/model/datasources/dbo_source.php, line 684]
2011-11-05 18:11:45 Warning: Warning (512): <span style="color:Red;text-align:left"><b>SQL Error:</b> 1054: Unknown column 'fields' in 'where clause'</span> in [/home/diogo/Develop/Cake13/cake/libs/model/datasources/dbo_source.php, line 684]
2011-11-05 18:15:17 Warning: Warning (512): <span style="color:Red;text-align:left"><b>SQL Error:</b> 1054: Unknown column 'fields' in 'where clause'</span> in [/home/diogo/Develop/Cake13/cake/libs/model/datasources/dbo_source.php, line 684]
2011-11-05 18:32:25 Warning: Warning (512): <span style="color:Red;text-align:left"><b>SQL Error:</b> 1054: Unknown column 'fields' in 'where clause'</span> in [/home/diogo/Develop/Cake13/cake/libs/model/datasources/dbo_source.php, line 684]
2011-11-05 18:32:41 Warning: Warning (512): <span style="color:Red;text-align:left"><b>SQL Error:</b> 1064: You have an error in your SQL syntax; check the manual that corresponds to your MySQL server version for the right syntax to use near 'findAll' at line 1</span> in [/home/diogo/Develop/Cake13/cake/libs/model/datasources/dbo_source.php, line 684]
2011-11-05 18:37:27 Warning: Warning (512): <span style="color:Red;text-align:left"><b>SQL Error:</b> 1054: Unknown column 'fields' in 'where clause'</span> in [/home/diogo/Develop/Cake13/cake/libs/model/datasources/dbo_source.php, line 684]
2011-11-05 19:18:25 Warning: Warning (512): <span style="color:Red;text-align:left"><b>SQL Error:</b> 1054: Unknown column 'Patrimony.total' in 'field list'</span> in [/home/diogo/Develop/Cake13/cake/libs/model/datasources/dbo_source.php, line 684]
2011-11-05 19:21:04 Warning: Warning (512): <span style="color:Red;text-align:left"><b>SQL Error:</b> 1054: Unknown column 'Patrimony.total' in 'field list'</span> in [/home/diogo/Develop/Cake13/cake/libs/model/datasources/dbo_source.php, line 684]
2011-11-05 19:36:10 Warning: Warning (512): <span style="color:Red;text-align:left"><b>SQL Error:</b> 1054: Unknown column 'Patrimony.priceUnit' in 'field list'</span> in [/home/diogo/Develop/Cake13/cake/libs/model/datasources/dbo_source.php, line 684]
2011-11-05 19:36:11 Warning: Warning (2): Invalid argument supplied for foreach() in [/home/diogo/Develop/Cake13/birthright/views/equipment/admin_index.ctp, line 16]
2011-11-05 20:27:55 Warning: Warning (512): <span style="color:Red;text-align:left"><b>SQL Error:</b> 1064: You have an error in your SQL syntax; check the manual that corresponds to your MySQL server version for the right syntax to use near 'redirect' at line 1</span> in [/home/diogo/Develop/Cake13/cake/libs/model/datasources/dbo_source.php, line 684]
2011-11-05 20:28:43 Warning: Warning (512): <span style="color:Red;text-align:left"><b>SQL Error:</b> 1064: You have an error in your SQL syntax; check the manual that corresponds to your MySQL server version for the right syntax to use near 'redirect' at line 1</span> in [/home/diogo/Develop/Cake13/cake/libs/model/datasources/dbo_source.php, line 684]
2011-11-05 20:29:30 Warning: Warning (512): <span style="color:Red;text-align:left"><b>SQL Error:</b> 1064: You have an error in your SQL syntax; check the manual that corresponds to your MySQL server version for the right syntax to use near 'redirect' at line 1</span> in [/home/diogo/Develop/Cake13/cake/libs/model/datasources/dbo_source.php, line 684]
2011-11-05 20:30:17 Warning: Warning (512): <span style="color:Red;text-align:left"><b>SQL Error:</b> 1064: You have an error in your SQL syntax; check the manual that corresponds to your MySQL server version for the right syntax to use near 'redirect' at line 1</span> in [/home/diogo/Develop/Cake13/cake/libs/model/datasources/dbo_source.php, line 684]
2011-11-05 20:31:06 Warning: Warning (512): <span style="color:Red;text-align:left"><b>SQL Error:</b> 1064: You have an error in your SQL syntax; check the manual that corresponds to your MySQL server version for the right syntax to use near 'redirect' at line 1</span> in [/home/diogo/Develop/Cake13/cake/libs/model/datasources/dbo_source.php, line 684]
2011-11-05 20:31:54 Warning: Warning (512): <span style="color:Red;text-align:left"><b>SQL Error:</b> 1064: You have an error in your SQL syntax; check the manual that corresponds to your MySQL server version for the right syntax to use near 'redirect' at line 1</span> in [/home/diogo/Develop/Cake13/cake/libs/model/datasources/dbo_source.php, line 684]
2011-11-05 20:32:42 Warning: Warning (512): <span style="color:Red;text-align:left"><b>SQL Error:</b> 1064: You have an error in your SQL syntax; check the manual that corresponds to your MySQL server version for the right syntax to use near 'redirect' at line 1</span> in [/home/diogo/Develop/Cake13/cake/libs/model/datasources/dbo_source.php, line 684]
2011-11-05 20:33:30 Warning: Warning (512): <span style="color:Red;text-align:left"><b>SQL Error:</b> 1064: You have an error in your SQL syntax; check the manual that corresponds to your MySQL server version for the right syntax to use near 'redirect' at line 1</span> in [/home/diogo/Develop/Cake13/cake/libs/model/datasources/dbo_source.php, line 684]
2011-11-05 20:34:18 Warning: Warning (512): <span style="color:Red;text-align:left"><b>SQL Error:</b> 1064: You have an error in your SQL syntax; check the manual that corresponds to your MySQL server version for the right syntax to use near 'redirect' at line 1</span> in [/home/diogo/Develop/Cake13/cake/libs/model/datasources/dbo_source.php, line 684]
2011-11-05 20:35:06 Warning: Warning (512): <span style="color:Red;text-align:left"><b>SQL Error:</b> 1064: You have an error in your SQL syntax; check the manual that corresponds to your MySQL server version for the right syntax to use near 'redirect' at line 1</span> in [/home/diogo/Develop/Cake13/cake/libs/model/datasources/dbo_source.php, line 684]
2011-11-05 20:35:53 Warning: Warning (512): <span style="color:Red;text-align:left"><b>SQL Error:</b> 1064: You have an error in your SQL syntax; check the manual that corresponds to your MySQL server version for the right syntax to use near 'redirect' at line 1</span> in [/home/diogo/Develop/Cake13/cake/libs/model/datasources/dbo_source.php, line 684]
2011-11-05 20:36:41 Warning: Warning (512): <span style="color:Red;text-align:left"><b>SQL Error:</b> 1064: You have an error in your SQL syntax; check the manual that corresponds to your MySQL server version for the right syntax to use near 'redirect' at line 1</span> in [/home/diogo/Develop/Cake13/cake/libs/model/datasources/dbo_source.php, line 684]
2011-11-05 20:37:28 Warning: Warning (512): <span style="color:Red;text-align:left"><b>SQL Error:</b> 1064: You have an error in your SQL syntax; check the manual that corresponds to your MySQL server version for the right syntax to use near 'redirect' at line 1</span> in [/home/diogo/Develop/Cake13/cake/libs/model/datasources/dbo_source.php, line 684]
2011-11-05 20:38:16 Warning: Warning (512): <span style="color:Red;text-align:left"><b>SQL Error:</b> 1064: You have an error in your SQL syntax; check the manual that corresponds to your MySQL server version for the right syntax to use near 'redirect' at line 1</span> in [/home/diogo/Develop/Cake13/cake/libs/model/datasources/dbo_source.php, line 684]
2011-11-05 20:39:04 Warning: Warning (512): <span style="color:Red;text-align:left"><b>SQL Error:</b> 1064: You have an error in your SQL syntax; check the manual that corresponds to your MySQL server version for the right syntax to use near 'redirect' at line 1</span> in [/home/diogo/Develop/Cake13/cake/libs/model/datasources/dbo_source.php, line 684]
2011-11-05 20:39:52 Warning: Warning (512): <span style="color:Red;text-align:left"><b>SQL Error:</b> 1064: You have an error in your SQL syntax; check the manual that corresponds to your MySQL server version for the right syntax to use near 'redirect' at line 1</span> in [/home/diogo/Develop/Cake13/cake/libs/model/datasources/dbo_source.php, line 684]
2011-11-05 20:40:39 Warning: Warning (512): <span style="color:Red;text-align:left"><b>SQL Error:</b> 1064: You have an error in your SQL syntax; check the manual that corresponds to your MySQL server version for the right syntax to use near 'redirect' at line 1</span> in [/home/diogo/Develop/Cake13/cake/libs/model/datasources/dbo_source.php, line 684]
2011-11-05 20:41:27 Warning: Warning (512): <span style="color:Red;text-align:left"><b>SQL Error:</b> 1064: You have an error in your SQL syntax; check the manual that corresponds to your MySQL server version for the right syntax to use near 'redirect' at line 1</span> in [/home/diogo/Develop/Cake13/cake/libs/model/datasources/dbo_source.php, line 684]
2011-11-05 20:42:15 Warning: Warning (512): <span style="color:Red;text-align:left"><b>SQL Error:</b> 1064: You have an error in your SQL syntax; check the manual that corresponds to your MySQL server version for the right syntax to use near 'redirect' at line 1</span> in [/home/diogo/Develop/Cake13/cake/libs/model/datasources/dbo_source.php, line 684]
2011-11-05 20:43:02 Warning: Warning (512): <span style="color:Red;text-align:left"><b>SQL Error:</b> 1064: You have an error in your SQL syntax; check the manual that corresponds to your MySQL server version for the right syntax to use near 'redirect' at line 1</span> in [/home/diogo/Develop/Cake13/cake/libs/model/datasources/dbo_source.php, line 684]
2011-11-05 20:43:51 Warning: Warning (512): <span style="color:Red;text-align:left"><b>SQL Error:</b> 1064: You have an error in your SQL syntax; check the manual that corresponds to your MySQL server version for the right syntax to use near 'redirect' at line 1</span> in [/home/diogo/Develop/Cake13/cake/libs/model/datasources/dbo_source.php, line 684]
2011-11-09 22:25:53 Warning: Warning (2): mysql_connect() [http://php.net/function.mysql-connect]: Can't connect to local MySQL server through socket '/var/run/mysql/mysql.sock' (2) in [/home/diogo/Develop/Cake13/cake/libs/model/datasources/dbo/dbo_mysql.php, line 552]
2011-11-09 22:25:53 Warning: Warning (2): mysql_select_db() expects parameter 2 to be resource, boolean given in [/home/diogo/Develop/Cake13/cake/libs/model/datasources/dbo/dbo_mysql.php, line 558]
2011-11-09 22:25:53 Warning: Warning (2): mysql_get_server_info() expects parameter 1 to be resource, boolean given in [/home/diogo/Develop/Cake13/cake/libs/model/datasources/dbo/dbo_mysql.php, line 566]
2011-11-09 22:25:53 Warning: Warning (2): mysql_query() expects parameter 2 to be resource, boolean given in [/home/diogo/Develop/Cake13/cake/libs/model/datasources/dbo/dbo_mysql.php, line 600]
2011-11-09 22:25:53 Warning: Warning (2): Cannot modify header information - headers already sent by (output started at /home/diogo/Develop/Cake13/cake/libs/debugger.php:673) in [/home/diogo/Develop/Cake13/cake/libs/controller/controller.php, line 746]
2011-11-09 22:25:53 Warning: Warning (2): mysql_connect() [http://php.net/function.mysql-connect]: Can't connect to local MySQL server through socket '/var/run/mysql/mysql.sock' (2) in [/home/diogo/Develop/Cake13/cake/libs/model/datasources/dbo/dbo_mysql.php, line 552]
2011-11-09 22:25:53 Warning: Warning (2): mysql_select_db() expects parameter 2 to be resource, boolean given in [/home/diogo/Develop/Cake13/cake/libs/model/datasources/dbo/dbo_mysql.php, line 558]
2011-11-09 22:25:53 Warning: Warning (2): mysql_get_server_info() expects parameter 1 to be resource, boolean given in [/home/diogo/Develop/Cake13/cake/libs/model/datasources/dbo/dbo_mysql.php, line 566]
2011-11-09 22:25:53 Warning: Warning (2): mysql_query() expects parameter 2 to be resource, boolean given in [/home/diogo/Develop/Cake13/cake/libs/model/datasources/dbo/dbo_mysql.php, line 600]
2011-11-09 22:25:53 Warning: Warning (2): Cannot modify header information - headers already sent by (output started at /home/diogo/Develop/Cake13/cake/libs/debugger.php:673) in [/home/diogo/Develop/Cake13/cake/libs/controller/controller.php, line 746]
